16:49:37.916 INFO  com.weather.siquche.SiqucheApplication - Starting SiqucheApplication on 0FCUYVOZI99DT1M with PID 4260 (D:\siquche\siquche\target\classes started by Administrator in D:\siquche\siquche)
16:49:37.931 INFO  com.weather.siquche.SiqucheApplication - No active profile set, falling back to default profiles: default
16:49:38.693 INFO  org.springframework.boot.devtools.env.DevToolsPropertyDefaultsPostProcessor - Devtools property defaults active! Set 'spring.devtools.add-properties' to 'false' to disable
16:49:38.694 INFO  org.springframework.boot.devtools.env.DevToolsPropertyDefaultsPostProcessor - For additional web related logging consider setting the 'logging.level.web' property to 'DEBUG'
16:49:48.200 INFO  org.springframework.data.repository.config.RepositoryConfigurationDelegate - Multiple Spring Data modules found, entering strict repository configuration mode!
16:49:48.267 INFO  org.springframework.data.repository.config.RepositoryConfigurationDelegate - Bootstrapping Spring Data repositories in DEFAULT mode.
16:49:48.589 INFO  org.springframework.data.repository.config.RepositoryConfigurationDelegate - Finished Spring Data repository scanning in 35ms. Found 0 repository interfaces.
16:49:49.997 INFO  org.springframework.context.support.PostProcessorRegistrationDelegate$BeanPostProcessorChecker - Bean 'redisConfig' of type [com.weather.siquche.cofig.RedisConfig$$EnhancerBySpringCGLIB$$28082300] is not eligible for getting processed by all BeanPostProcessors (for example: not eligible for auto-proxying)
16:49:50.009 INFO  org.springframework.context.support.PostProcessorRegistrationDelegate$BeanPostProcessorChecker - Bean 'org.springframework.transaction.annotation.ProxyTransactionManagementConfiguration' of type [org.springframework.transaction.annotation.ProxyTransactionManagementConfiguration] is not eligible for getting processed by all BeanPostProcessors (for example: not eligible for auto-proxying)
16:49:51.154 INFO  org.springframework.boot.web.embedded.tomcat.TomcatWebServer - Tomcat initialized with port(s): 8443 (http)
16:49:51.171 INFO  org.apache.coyote.http11.Http11NioProtocol - Initializing ProtocolHandler ["http-nio-8443"]
16:49:51.172 INFO  org.apache.catalina.core.StandardService - Starting service [Tomcat]
16:49:51.172 INFO  org.apache.catalina.core.StandardEngine - Starting Servlet engine: [Apache Tomcat/9.0.27]
16:49:51.580 INFO  org.apache.catalina.core.ContainerBase.[Tomcat].[localhost].[/] - Initializing Spring embedded WebApplicationContext
16:49:51.581 INFO  org.springframework.web.context.ContextLoader - Root WebApplicationContext: initialization completed in 12887 ms
16:49:57.389 INFO  com.alibaba.druid.pool.DruidDataSource - {dataSource-1} inited
16:49:58.571 INFO  springfox.documentation.spring.web.PropertySourcedRequestMappingHandlerMapping - Mapped URL path [/v2/api-docs] onto method [springfox.documentation.swagger2.web.Swagger2Controller#getDocumentation(String, HttpServletRequest)]
16:49:59.210 INFO  org.springframework.scheduling.concurrent.ThreadPoolTaskExecutor - Initializing ExecutorService 'applicationTaskExecutor'
16:49:59.320 INFO  org.springframework.boot.devtools.autoconfigure.OptionalLiveReloadServer - LiveReload server is running on port 35729
16:49:59.377 INFO  org.springframework.boot.autoconfigure.web.servlet.WelcomePageHandlerMapping - Adding welcome page: class path resource [static/index.html]
16:49:59.754 INFO  springfox.documentation.spring.web.plugins.DocumentationPluginsBootstrapper - Context refreshed
16:49:59.799 INFO  springfox.documentation.spring.web.plugins.DocumentationPluginsBootstrapper - Found 1 custom documentation plugin(s)
16:49:59.825 INFO  springfox.documentation.spring.web.scanners.ApiListingReferenceScanner - Scanning for api listing references
16:50:00.025 INFO  org.apache.coyote.http11.Http11NioProtocol - Starting ProtocolHandler ["http-nio-8443"]
16:50:00.242 INFO  org.springframework.boot.web.embedded.tomcat.TomcatWebServer - Tomcat started on port(s): 8443 (http) with context path ''
16:50:00.249 INFO  com.weather.siquche.SiqucheApplication - Started SiqucheApplication in 28.258 seconds (JVM running for 42.647)
16:50:21.887 INFO  org.apache.catalina.core.ContainerBase.[Tomcat].[localhost].[/] - Initializing Spring DispatcherServlet 'dispatcherServlet'
16:50:21.888 INFO  org.springframework.web.servlet.DispatcherServlet - Initializing Servlet 'dispatcherServlet'
16:50:21.919 INFO  org.springframework.web.servlet.DispatcherServlet - Completed initialization in 31 ms
19:13:48.968 INFO  org.springframework.boot.test.context.SpringBootTestContextBootstrapper - Neither @ContextConfiguration nor @ContextHierarchy found for test class [com.weather.siquche.SiqucheApplicationTests], using SpringBootContextLoader
19:13:48.980 INFO  org.springframework.test.context.support.AbstractContextLoader - Could not detect default resource locations for test class [com.weather.siquche.SiqucheApplicationTests]: no resource found for suffixes {-context.xml, Context.groovy}.
19:13:48.982 INFO  org.springframework.test.context.support.AnnotationConfigContextLoaderUtils - Could not detect default configuration classes for test class [com.weather.siquche.SiqucheApplicationTests]: SiqucheApplicationTests does not declare any static, non-private, non-final, nested classes annotated with @Configuration.
19:13:49.214 INFO  org.springframework.boot.test.context.SpringBootTestContextBootstrapper - Found @SpringBootConfiguration com.weather.siquche.SiqucheApplication for test class com.weather.siquche.SiqucheApplicationTests
19:13:49.350 INFO  org.springframework.boot.test.context.SpringBootTestContextBootstrapper - Loaded default TestExecutionListener class names from location [META-INF/spring.factories]: [org.springframework.boot.test.mock.mockito.MockitoTestExecutionListener, org.springframework.boot.test.mock.mockito.ResetMocksTestExecutionListener, org.springframework.boot.test.autoconfigure.restdocs.RestDocsTestExecutionListener, org.springframework.boot.test.autoconfigure.web.client.MockRestServiceServerResetTestExecutionListener, org.springframework.boot.test.autoconfigure.web.servlet.MockMvcPrintOnlyOnFailureTestExecutionListener, org.springframework.boot.test.autoconfigure.web.servlet.WebDriverTestExecutionListener, org.springframework.test.context.web.ServletTestExecutionListener, org.springframework.test.context.support.DirtiesContextBeforeModesTestExecutionListener, org.springframework.test.context.support.DependencyInjectionTestExecutionListener, org.springframework.test.context.support.DirtiesContextTestExecutionListener, org.springframework.test.context.transaction.TransactionalTestExecutionListener, org.springframework.test.context.jdbc.SqlScriptsTestExecutionListener, org.springframework.test.context.event.EventPublishingTestExecutionListener]
19:13:49.379 INFO  org.springframework.boot.test.context.SpringBootTestContextBootstrapper - Using TestExecutionListeners: [org.springframework.test.context.web.ServletTestExecutionListener@57abad67, org.springframework.test.context.support.DirtiesContextBeforeModesTestExecutionListener@550a1967, org.springframework.boot.test.mock.mockito.MockitoTestExecutionListener@2a640157, org.springframework.boot.test.autoconfigure.SpringBootDependencyInjectionTestExecutionListener@52851b44, org.springframework.test.context.support.DirtiesContextTestExecutionListener@584f54e6, org.springframework.test.context.transaction.TransactionalTestExecutionListener@5d8bafa9, org.springframework.test.context.jdbc.SqlScriptsTestExecutionListener@576f63f6, org.springframework.test.context.event.EventPublishingTestExecutionListener@2dca0d64, org.springframework.boot.test.mock.mockito.ResetMocksTestExecutionListener@f80945f, org.springframework.boot.test.autoconfigure.restdocs.RestDocsTestExecutionListener@ff684e1, org.springframework.boot.test.autoconfigure.web.client.MockRestServiceServerResetTestExecutionListener@23aa363a, org.springframework.boot.test.autoconfigure.web.servlet.MockMvcPrintOnlyOnFailureTestExecutionListener@5ef6ae06, org.springframework.boot.test.autoconfigure.web.servlet.WebDriverTestExecutionListener@55dfebeb]
19:13:50.103 INFO  com.weather.siquche.SiqucheApplicationTests - Starting SiqucheApplicationTests on 0FCUYVOZI99DT1M with PID 9876 (started by Administrator in D:\siquche\siquche)
19:13:50.110 INFO  com.weather.siquche.SiqucheApplicationTests - No active profile set, falling back to default profiles: default
19:13:52.318 INFO  org.springframework.data.repository.config.RepositoryConfigurationDelegate - Multiple Spring Data modules found, entering strict repository configuration mode!
19:13:52.324 INFO  org.springframework.data.repository.config.RepositoryConfigurationDelegate - Bootstrapping Spring Data repositories in DEFAULT mode.
19:13:52.362 INFO  org.springframework.data.repository.config.RepositoryConfigurationDelegate - Finished Spring Data repository scanning in 17ms. Found 0 repository interfaces.
19:13:52.990 INFO  org.springframework.context.support.PostProcessorRegistrationDelegate$BeanPostProcessorChecker - Bean 'redisConfig' of type [com.weather.siquche.cofig.RedisConfig$$EnhancerBySpringCGLIB$$e7bf55a1] is not eligible for getting processed by all BeanPostProcessors (for example: not eligible for auto-proxying)
19:13:53.000 INFO  org.springframework.context.support.PostProcessorRegistrationDelegate$BeanPostProcessorChecker - Bean 'org.springframework.transaction.annotation.ProxyTransactionManagementConfiguration' of type [org.springframework.transaction.annotation.ProxyTransactionManagementConfiguration] is not eligible for getting processed by all BeanPostProcessors (for example: not eligible for auto-proxying)
19:13:57.654 INFO  com.alibaba.druid.pool.DruidDataSource - {dataSource-1} inited
19:13:59.485 INFO  springfox.documentation.spring.web.PropertySourcedRequestMappingHandlerMapping - Mapped URL path [/v2/api-docs] onto method [springfox.documentation.swagger2.web.Swagger2Controller#getDocumentation(String, HttpServletRequest)]
19:14:00.817 INFO  org.springframework.scheduling.concurrent.ThreadPoolTaskExecutor - Initializing ExecutorService 'applicationTaskExecutor'
19:14:00.924 INFO  org.springframework.boot.autoconfigure.web.servlet.WelcomePageHandlerMapping - Adding welcome page: class path resource [static/index.html]
19:14:01.774 INFO  springfox.documentation.spring.web.plugins.DocumentationPluginsBootstrapper - Context refreshed
19:14:01.829 INFO  springfox.documentation.spring.web.plugins.DocumentationPluginsBootstrapper - Found 1 custom documentation plugin(s)
19:14:01.885 INFO  springfox.documentation.spring.web.scanners.ApiListingReferenceScanner - Scanning for api listing references
19:14:02.275 INFO  com.weather.siquche.SiqucheApplicationTests - Started SiqucheApplicationTests in 12.794 seconds (JVM running for 15.762)
19:14:03.924 INFO  org.springframework.scheduling.concurrent.ThreadPoolTaskExecutor - Shutting down ExecutorService 'applicationTaskExecutor'
19:14:04.000 INFO  com.alibaba.druid.pool.DruidDataSource - {dataSource-1} closed
20:29:39.654 INFO  org.springframework.boot.test.context.SpringBootTestContextBootstrapper - Neither @ContextConfiguration nor @ContextHierarchy found for test class [com.weather.siquche.SiqucheApplicationTests], using SpringBootContextLoader
20:29:39.668 INFO  org.springframework.test.context.support.AbstractContextLoader - Could not detect default resource locations for test class [com.weather.siquche.SiqucheApplicationTests]: no resource found for suffixes {-context.xml, Context.groovy}.
20:29:39.670 INFO  org.springframework.test.context.support.AnnotationConfigContextLoaderUtils - Could not detect default configuration classes for test class [com.weather.siquche.SiqucheApplicationTests]: SiqucheApplicationTests does not declare any static, non-private, non-final, nested classes annotated with @Configuration.
20:29:39.937 INFO  org.springframework.boot.test.context.SpringBootTestContextBootstrapper - Found @SpringBootConfiguration com.weather.siquche.SiqucheApplication for test class com.weather.siquche.SiqucheApplicationTests
20:29:40.093 INFO  org.springframework.boot.test.context.SpringBootTestContextBootstrapper - Loaded default TestExecutionListener class names from location [META-INF/spring.factories]: [org.springframework.boot.test.mock.mockito.MockitoTestExecutionListener, org.springframework.boot.test.mock.mockito.ResetMocksTestExecutionListener, org.springframework.boot.test.autoconfigure.restdocs.RestDocsTestExecutionListener, org.springframework.boot.test.autoconfigure.web.client.MockRestServiceServerResetTestExecutionListener, org.springframework.boot.test.autoconfigure.web.servlet.MockMvcPrintOnlyOnFailureTestExecutionListener, org.springframework.boot.test.autoconfigure.web.servlet.WebDriverTestExecutionListener, org.springframework.test.context.web.ServletTestExecutionListener, org.springframework.test.context.support.DirtiesContextBeforeModesTestExecutionListener, org.springframework.test.context.support.DependencyInjectionTestExecutionListener, org.springframework.test.context.support.DirtiesContextTestExecutionListener, org.springframework.test.context.transaction.TransactionalTestExecutionListener, org.springframework.test.context.jdbc.SqlScriptsTestExecutionListener, org.springframework.test.context.event.EventPublishingTestExecutionListener]
20:29:40.128 INFO  org.springframework.boot.test.context.SpringBootTestContextBootstrapper - Using TestExecutionListeners: [org.springframework.test.context.web.ServletTestExecutionListener@395b56bb, org.springframework.test.context.support.DirtiesContextBeforeModesTestExecutionListener@256f8274, org.springframework.boot.test.mock.mockito.MockitoTestExecutionListener@68044f4, org.springframework.boot.test.autoconfigure.SpringBootDependencyInjectionTestExecutionListener@52d239ba, org.springframework.test.context.support.DirtiesContextTestExecutionListener@315f43d5, org.springframework.test.context.transaction.TransactionalTestExecutionListener@68fa0ba8, org.springframework.test.context.jdbc.SqlScriptsTestExecutionListener@6c5945a7, org.springframework.test.context.event.EventPublishingTestExecutionListener@2f05be7f, org.springframework.boot.test.mock.mockito.ResetMocksTestExecutionListener@640f11a1, org.springframework.boot.test.autoconfigure.restdocs.RestDocsTestExecutionListener@5c10f1c3, org.springframework.boot.test.autoconfigure.web.client.MockRestServiceServerResetTestExecutionListener@7ac2e39b, org.springframework.boot.test.autoconfigure.web.servlet.MockMvcPrintOnlyOnFailureTestExecutionListener@78365cfa, org.springframework.boot.test.autoconfigure.web.servlet.WebDriverTestExecutionListener@64a8c844]
20:29:40.760 INFO  com.weather.siquche.SiqucheApplicationTests - Starting SiqucheApplicationTests on 0FCUYVOZI99DT1M with PID 10340 (started by Administrator in D:\siquche\siquche)
20:29:40.762 INFO  com.weather.siquche.SiqucheApplicationTests - No active profile set, falling back to default profiles: default
20:29:42.976 INFO  org.springframework.data.repository.config.RepositoryConfigurationDelegate - Multiple Spring Data modules found, entering strict repository configuration mode!
20:29:42.990 INFO  org.springframework.data.repository.config.RepositoryConfigurationDelegate - Bootstrapping Spring Data repositories in DEFAULT mode.
20:29:43.049 INFO  org.springframework.data.repository.config.RepositoryConfigurationDelegate - Finished Spring Data repository scanning in 18ms. Found 0 repository interfaces.
20:29:43.683 INFO  org.springframework.context.support.PostProcessorRegistrationDelegate$BeanPostProcessorChecker - Bean 'redisConfig' of type [com.weather.siquche.cofig.RedisConfig$$EnhancerBySpringCGLIB$$84c74df7] is not eligible for getting processed by all BeanPostProcessors (for example: not eligible for auto-proxying)
20:29:43.706 INFO  org.springframework.context.support.PostProcessorRegistrationDelegate$BeanPostProcessorChecker - Bean 'org.springframework.transaction.annotation.ProxyTransactionManagementConfiguration' of type [org.springframework.transaction.annotation.ProxyTransactionManagementConfiguration] is not eligible for getting processed by all BeanPostProcessors (for example: not eligible for auto-proxying)
20:29:48.506 INFO  com.alibaba.druid.pool.DruidDataSource - {dataSource-1} inited
20:29:50.918 INFO  springfox.documentation.spring.web.PropertySourcedRequestMappingHandlerMapping - Mapped URL path [/v2/api-docs] onto method [springfox.documentation.swagger2.web.Swagger2Controller#getDocumentation(String, HttpServletRequest)]
20:29:52.237 INFO  org.springframework.scheduling.concurrent.ThreadPoolTaskExecutor - Initializing ExecutorService 'applicationTaskExecutor'
20:29:52.369 INFO  org.springframework.boot.autoconfigure.web.servlet.WelcomePageHandlerMapping - Adding welcome page: class path resource [static/index.html]
20:29:53.141 INFO  springfox.documentation.spring.web.plugins.DocumentationPluginsBootstrapper - Context refreshed
20:29:53.186 INFO  springfox.documentation.spring.web.plugins.DocumentationPluginsBootstrapper - Found 1 custom documentation plugin(s)
20:29:53.239 INFO  springfox.documentation.spring.web.scanners.ApiListingReferenceScanner - Scanning for api listing references
20:29:53.604 INFO  com.weather.siquche.SiqucheApplicationTests - Started SiqucheApplicationTests in 13.371 seconds (JVM running for 15.328)
20:33:19.383 INFO  org.springframework.scheduling.concurrent.ThreadPoolTaskExecutor - Shutting down ExecutorService 'applicationTaskExecutor'
20:33:19.415 INFO  com.alibaba.druid.pool.DruidDataSource - {dataSource-1} closed
20:56:57.296 INFO  org.springframework.boot.test.context.SpringBootTestContextBootstrapper - Neither @ContextConfiguration nor @ContextHierarchy found for test class [com.weather.siquche.SiqucheApplicationTests], using SpringBootContextLoader
20:56:57.311 INFO  org.springframework.test.context.support.AbstractContextLoader - Could not detect default resource locations for test class [com.weather.siquche.SiqucheApplicationTests]: no resource found for suffixes {-context.xml, Context.groovy}.
20:56:57.314 INFO  org.springframework.test.context.support.AnnotationConfigContextLoaderUtils - Could not detect default configuration classes for test class [com.weather.siquche.SiqucheApplicationTests]: SiqucheApplicationTests does not declare any static, non-private, non-final, nested classes annotated with @Configuration.
20:56:57.488 INFO  org.springframework.boot.test.context.SpringBootTestContextBootstrapper - Found @SpringBootConfiguration com.weather.siquche.SiqucheApplication for test class com.weather.siquche.SiqucheApplicationTests
20:56:57.678 INFO  org.springframework.boot.test.context.SpringBootTestContextBootstrapper - Loaded default TestExecutionListener class names from location [META-INF/spring.factories]: [org.springframework.boot.test.mock.mockito.MockitoTestExecutionListener, org.springframework.boot.test.mock.mockito.ResetMocksTestExecutionListener, org.springframework.boot.test.autoconfigure.restdocs.RestDocsTestExecutionListener, org.springframework.boot.test.autoconfigure.web.client.MockRestServiceServerResetTestExecutionListener, org.springframework.boot.test.autoconfigure.web.servlet.MockMvcPrintOnlyOnFailureTestExecutionListener, org.springframework.boot.test.autoconfigure.web.servlet.WebDriverTestExecutionListener, org.springframework.test.context.web.ServletTestExecutionListener, org.springframework.test.context.support.DirtiesContextBeforeModesTestExecutionListener, org.springframework.test.context.support.DependencyInjectionTestExecutionListener, org.springframework.test.context.support.DirtiesContextTestExecutionListener, org.springframework.test.context.transaction.TransactionalTestExecutionListener, org.springframework.test.context.jdbc.SqlScriptsTestExecutionListener, org.springframework.test.context.event.EventPublishingTestExecutionListener]
20:56:57.748 INFO  org.springframework.boot.test.context.SpringBootTestContextBootstrapper - Using TestExecutionListeners: [org.springframework.test.context.web.ServletTestExecutionListener@395b56bb, org.springframework.test.context.support.DirtiesContextBeforeModesTestExecutionListener@256f8274, org.springframework.boot.test.mock.mockito.MockitoTestExecutionListener@68044f4, org.springframework.boot.test.autoconfigure.SpringBootDependencyInjectionTestExecutionListener@52d239ba, org.springframework.test.context.support.DirtiesContextTestExecutionListener@315f43d5, org.springframework.test.context.transaction.TransactionalTestExecutionListener@68fa0ba8, org.springframework.test.context.jdbc.SqlScriptsTestExecutionListener@6c5945a7, org.springframework.test.context.event.EventPublishingTestExecutionListener@2f05be7f, org.springframework.boot.test.mock.mockito.ResetMocksTestExecutionListener@640f11a1, org.springframework.boot.test.autoconfigure.restdocs.RestDocsTestExecutionListener@5c10f1c3, org.springframework.boot.test.autoconfigure.web.client.MockRestServiceServerResetTestExecutionListener@7ac2e39b, org.springframework.boot.test.autoconfigure.web.servlet.MockMvcPrintOnlyOnFailureTestExecutionListener@78365cfa, org.springframework.boot.test.autoconfigure.web.servlet.WebDriverTestExecutionListener@64a8c844]
20:56:58.463 INFO  com.weather.siquche.SiqucheApplicationTests - Starting SiqucheApplicationTests on 0FCUYVOZI99DT1M with PID 10152 (started by Administrator in D:\siquche\siquche)
20:56:58.464 INFO  com.weather.siquche.SiqucheApplicationTests - No active profile set, falling back to default profiles: default
20:57:00.562 INFO  org.springframework.data.repository.config.RepositoryConfigurationDelegate - Multiple Spring Data modules found, entering strict repository configuration mode!
20:57:00.568 INFO  org.springframework.data.repository.config.RepositoryConfigurationDelegate - Bootstrapping Spring Data repositories in DEFAULT mode.
20:57:00.634 INFO  org.springframework.data.repository.config.RepositoryConfigurationDelegate - Finished Spring Data repository scanning in 22ms. Found 0 repository interfaces.
20:57:01.264 INFO  org.springframework.context.support.PostProcessorRegistrationDelegate$BeanPostProcessorChecker - Bean 'redisConfig' of type [com.weather.siquche.cofig.RedisConfig$$EnhancerBySpringCGLIB$$ebf1b5f9] is not eligible for getting processed by all BeanPostProcessors (for example: not eligible for auto-proxying)
20:57:01.274 INFO  org.springframework.context.support.PostProcessorRegistrationDelegate$BeanPostProcessorChecker - Bean 'org.springframework.transaction.annotation.ProxyTransactionManagementConfiguration' of type [org.springframework.transaction.annotation.ProxyTransactionManagementConfiguration] is not eligible for getting processed by all BeanPostProcessors (for example: not eligible for auto-proxying)
20:57:05.967 INFO  com.alibaba.druid.pool.DruidDataSource - {dataSource-1} inited
20:57:08.341 INFO  springfox.documentation.spring.web.PropertySourcedRequestMappingHandlerMapping - Mapped URL path [/v2/api-docs] onto method [springfox.documentation.swagger2.web.Swagger2Controller#getDocumentation(String, HttpServletRequest)]
20:57:10.191 INFO  org.springframework.scheduling.concurrent.ThreadPoolTaskExecutor - Initializing ExecutorService 'applicationTaskExecutor'
20:57:10.312 INFO  org.springframework.boot.autoconfigure.web.servlet.WelcomePageHandlerMapping - Adding welcome page: class path resource [static/index.html]
20:57:11.223 INFO  springfox.documentation.spring.web.plugins.DocumentationPluginsBootstrapper - Context refreshed
20:57:11.259 INFO  springfox.documentation.spring.web.plugins.DocumentationPluginsBootstrapper - Found 1 custom documentation plugin(s)
20:57:11.315 INFO  springfox.documentation.spring.web.scanners.ApiListingReferenceScanner - Scanning for api listing references
20:57:11.775 INFO  com.weather.siquche.SiqucheApplicationTests - Started SiqucheApplicationTests in 13.865 seconds (JVM running for 15.826)
21:00:27.959 INFO  org.springframework.scheduling.concurrent.ThreadPoolTaskExecutor - Shutting down ExecutorService 'applicationTaskExecutor'
21:00:28.008 INFO  com.alibaba.druid.pool.DruidDataSource - {dataSource-1} closed
