15:14:05.415 INFO  org.springframework.boot.test.context.SpringBootTestContextBootstrapper - Neither @ContextConfiguration nor @ContextHierarchy found for test class [com.weather.siquche.SiqucheApplicationTests], using SpringBootContextLoader
15:14:05.429 INFO  org.springframework.test.context.support.AbstractContextLoader - Could not detect default resource locations for test class [com.weather.siquche.SiqucheApplicationTests]: no resource found for suffixes {-context.xml, Context.groovy}.
15:14:05.431 INFO  org.springframework.test.context.support.AnnotationConfigContextLoaderUtils - Could not detect default configuration classes for test class [com.weather.siquche.SiqucheApplicationTests]: SiqucheApplicationTests does not declare any static, non-private, non-final, nested classes annotated with @Configuration.
15:14:05.789 INFO  org.springframework.boot.test.context.SpringBootTestContextBootstrapper - Found @SpringBootConfiguration com.weather.siquche.SiqucheApplication for test class com.weather.siquche.SiqucheApplicationTests
15:14:05.947 INFO  org.springframework.boot.test.context.SpringBootTestContextBootstrapper - Loaded default TestExecutionListener class names from location [META-INF/spring.factories]: [org.springframework.boot.test.mock.mockito.MockitoTestExecutionListener, org.springframework.boot.test.mock.mockito.ResetMocksTestExecutionListener, org.springframework.boot.test.autoconfigure.restdocs.RestDocsTestExecutionListener, org.springframework.boot.test.autoconfigure.web.client.MockRestServiceServerResetTestExecutionListener, org.springframework.boot.test.autoconfigure.web.servlet.MockMvcPrintOnlyOnFailureTestExecutionListener, org.springframework.boot.test.autoconfigure.web.servlet.WebDriverTestExecutionListener, org.springframework.test.context.web.ServletTestExecutionListener, org.springframework.test.context.support.DirtiesContextBeforeModesTestExecutionListener, org.springframework.test.context.support.DependencyInjectionTestExecutionListener, org.springframework.test.context.support.DirtiesContextTestExecutionListener, org.springframework.test.context.transaction.TransactionalTestExecutionListener, org.springframework.test.context.jdbc.SqlScriptsTestExecutionListener, org.springframework.test.context.event.EventPublishingTestExecutionListener]
15:14:06.004 INFO  org.springframework.boot.test.context.SpringBootTestContextBootstrapper - Using TestExecutionListeners: [org.springframework.test.context.web.ServletTestExecutionListener@c2db68f, org.springframework.test.context.support.DirtiesContextBeforeModesTestExecutionListener@3cc41abc, org.springframework.boot.test.mock.mockito.MockitoTestExecutionListener@4566d049, org.springframework.boot.test.autoconfigure.SpringBootDependencyInjectionTestExecutionListener@61ce23ac, org.springframework.test.context.support.DirtiesContextTestExecutionListener@3668d4, org.springframework.test.context.transaction.TransactionalTestExecutionListener@1c3b9394, org.springframework.test.context.jdbc.SqlScriptsTestExecutionListener@6f2cfcc2, org.springframework.test.context.event.EventPublishingTestExecutionListener@7f6f61c8, org.springframework.boot.test.mock.mockito.ResetMocksTestExecutionListener@4c2cc639, org.springframework.boot.test.autoconfigure.restdocs.RestDocsTestExecutionListener@ccb4b1b, org.springframework.boot.test.autoconfigure.web.client.MockRestServiceServerResetTestExecutionListener@4097cac, org.springframework.boot.test.autoconfigure.web.servlet.MockMvcPrintOnlyOnFailureTestExecutionListener@ec2cc4, org.springframework.boot.test.autoconfigure.web.servlet.WebDriverTestExecutionListener@2a5b3fee]
15:14:06.964 INFO  com.weather.siquche.SiqucheApplicationTests - Starting SiqucheApplicationTests on 0FCUYVOZI99DT1M with PID 928 (started by Administrator in D:\siquche\siquche)
15:14:06.965 INFO  com.weather.siquche.SiqucheApplicationTests - No active profile set, falling back to default profiles: default
15:14:10.578 INFO  org.springframework.data.repository.config.RepositoryConfigurationDelegate - Multiple Spring Data modules found, entering strict repository configuration mode!
15:14:10.590 INFO  org.springframework.data.repository.config.RepositoryConfigurationDelegate - Bootstrapping Spring Data repositories in DEFAULT mode.
15:14:10.742 INFO  org.springframework.data.repository.config.RepositoryConfigurationDelegate - Finished Spring Data repository scanning in 71ms. Found 0 repository interfaces.
15:14:11.965 INFO  org.springframework.context.support.PostProcessorRegistrationDelegate$BeanPostProcessorChecker - Bean 'redisConfig' of type [com.weather.siquche.cofig.RedisConfig$$EnhancerBySpringCGLIB$$a6c959f2] is not eligible for getting processed by all BeanPostProcessors (for example: not eligible for auto-proxying)
15:14:11.977 INFO  org.springframework.context.support.PostProcessorRegistrationDelegate$BeanPostProcessorChecker - Bean 'org.springframework.transaction.annotation.ProxyTransactionManagementConfiguration' of type [org.springframework.transaction.annotation.ProxyTransactionManagementConfiguration] is not eligible for getting processed by all BeanPostProcessors (for example: not eligible for auto-proxying)
15:14:16.057 INFO  com.alibaba.druid.pool.DruidDataSource - {dataSource-1} inited
15:14:19.907 INFO  springfox.documentation.spring.web.PropertySourcedRequestMappingHandlerMapping - Mapped URL path [/v2/api-docs] onto method [springfox.documentation.swagger2.web.Swagger2Controller#getDocumentation(String, HttpServletRequest)]
15:14:22.604 INFO  org.springframework.scheduling.concurrent.ThreadPoolTaskExecutor - Initializing ExecutorService 'applicationTaskExecutor'
15:14:24.601 INFO  springfox.documentation.spring.web.plugins.DocumentationPluginsBootstrapper - Context refreshed
15:14:24.692 INFO  springfox.documentation.spring.web.plugins.DocumentationPluginsBootstrapper - Found 1 custom documentation plugin(s)
15:14:24.782 INFO  springfox.documentation.spring.web.scanners.ApiListingReferenceScanner - Scanning for api listing references
15:14:25.463 INFO  com.weather.siquche.SiqucheApplicationTests - Started SiqucheApplicationTests in 19.364 seconds (JVM running for 22.081)
15:15:06.546 INFO  org.springframework.scheduling.concurrent.ThreadPoolTaskExecutor - Shutting down ExecutorService 'applicationTaskExecutor'
15:15:06.769 INFO  com.alibaba.druid.pool.DruidDataSource - {dataSource-1} closed
15:33:57.422 INFO  com.weather.siquche.SiqucheApplication - Starting SiqucheApplication on 0FCUYVOZI99DT1M with PID 3428 (D:\siquche\siquche\target\classes started by Administrator in D:\siquche\siquche)
15:33:57.429 INFO  com.weather.siquche.SiqucheApplication - No active profile set, falling back to default profiles: default
15:33:57.521 INFO  org.springframework.boot.devtools.env.DevToolsPropertyDefaultsPostProcessor - Devtools property defaults active! Set 'spring.devtools.add-properties' to 'false' to disable
15:33:57.522 INFO  org.springframework.boot.devtools.env.DevToolsPropertyDefaultsPostProcessor - For additional web related logging consider setting the 'logging.level.web' property to 'DEBUG'
15:33:59.168 INFO  org.springframework.data.repository.config.RepositoryConfigurationDelegate - Multiple Spring Data modules found, entering strict repository configuration mode!
15:33:59.170 INFO  org.springframework.data.repository.config.RepositoryConfigurationDelegate - Bootstrapping Spring Data repositories in DEFAULT mode.
15:33:59.198 INFO  org.springframework.data.repository.config.RepositoryConfigurationDelegate - Finished Spring Data repository scanning in 10ms. Found 0 repository interfaces.
15:33:59.518 INFO  org.springframework.context.support.PostProcessorRegistrationDelegate$BeanPostProcessorChecker - Bean 'redisConfig' of type [com.weather.siquche.cofig.RedisConfig$$EnhancerBySpringCGLIB$$5d15b911] is not eligible for getting processed by all BeanPostProcessors (for example: not eligible for auto-proxying)
15:33:59.531 INFO  org.springframework.context.support.PostProcessorRegistrationDelegate$BeanPostProcessorChecker - Bean 'org.springframework.transaction.annotation.ProxyTransactionManagementConfiguration' of type [org.springframework.transaction.annotation.ProxyTransactionManagementConfiguration] is not eligible for getting processed by all BeanPostProcessors (for example: not eligible for auto-proxying)
15:33:59.929 INFO  org.springframework.boot.web.embedded.tomcat.TomcatWebServer - Tomcat initialized with port(s): 8443 (http)
15:33:59.940 INFO  org.apache.coyote.http11.Http11NioProtocol - Initializing ProtocolHandler ["http-nio-8443"]
15:33:59.940 INFO  org.apache.catalina.core.StandardService - Starting service [Tomcat]
15:33:59.940 INFO  org.apache.catalina.core.StandardEngine - Starting Servlet engine: [Apache Tomcat/9.0.27]
15:34:00.043 INFO  org.apache.catalina.core.ContainerBase.[Tomcat].[localhost].[/] - Initializing Spring embedded WebApplicationContext
15:34:00.043 INFO  org.springframework.web.context.ContextLoader - Root WebApplicationContext: initialization completed in 2520 ms
15:34:01.436 INFO  com.alibaba.druid.pool.DruidDataSource - {dataSource-1} inited
15:34:02.161 INFO  springfox.documentation.spring.web.PropertySourcedRequestMappingHandlerMapping - Mapped URL path [/v2/api-docs] onto method [springfox.documentation.swagger2.web.Swagger2Controller#getDocumentation(String, HttpServletRequest)]
15:34:02.523 INFO  org.springframework.scheduling.concurrent.ThreadPoolTaskExecutor - Initializing ExecutorService 'applicationTaskExecutor'
15:34:02.621 INFO  org.springframework.boot.devtools.autoconfigure.OptionalLiveReloadServer - LiveReload server is running on port 35729
15:34:02.651 INFO  org.springframework.boot.autoconfigure.web.servlet.WelcomePageHandlerMapping - Adding welcome page: class path resource [static/index.html]
15:34:02.944 INFO  springfox.documentation.spring.web.plugins.DocumentationPluginsBootstrapper - Context refreshed
15:34:02.959 INFO  springfox.documentation.spring.web.plugins.DocumentationPluginsBootstrapper - Found 1 custom documentation plugin(s)
15:34:02.988 INFO  springfox.documentation.spring.web.scanners.ApiListingReferenceScanner - Scanning for api listing references
15:34:03.126 INFO  org.apache.coyote.http11.Http11NioProtocol - Starting ProtocolHandler ["http-nio-8443"]
15:34:03.253 INFO  org.springframework.boot.web.embedded.tomcat.TomcatWebServer - Tomcat started on port(s): 8443 (http) with context path ''
15:34:03.256 INFO  com.weather.siquche.SiqucheApplication - Started SiqucheApplication in 6.679 seconds (JVM running for 8.541)
15:34:41.854 INFO  org.apache.catalina.core.ContainerBase.[Tomcat].[localhost].[/] - Initializing Spring DispatcherServlet 'dispatcherServlet'
15:34:41.855 INFO  org.springframework.web.servlet.DispatcherServlet - Initializing Servlet 'dispatcherServlet'
15:34:41.862 INFO  org.springframework.web.servlet.DispatcherServlet - Completed initialization in 7 ms
15:48:27.811 INFO  org.springframework.boot.test.context.SpringBootTestContextBootstrapper - Neither @ContextConfiguration nor @ContextHierarchy found for test class [com.weather.siquche.SiqucheApplicationTests], using SpringBootContextLoader
15:48:27.823 INFO  org.springframework.test.context.support.AbstractContextLoader - Could not detect default resource locations for test class [com.weather.siquche.SiqucheApplicationTests]: no resource found for suffixes {-context.xml, Context.groovy}.
15:48:27.826 INFO  org.springframework.test.context.support.AnnotationConfigContextLoaderUtils - Could not detect default configuration classes for test class [com.weather.siquche.SiqucheApplicationTests]: SiqucheApplicationTests does not declare any static, non-private, non-final, nested classes annotated with @Configuration.
15:48:28.033 INFO  org.springframework.boot.test.context.SpringBootTestContextBootstrapper - Found @SpringBootConfiguration com.weather.siquche.SiqucheApplication for test class com.weather.siquche.SiqucheApplicationTests
15:48:28.202 INFO  org.springframework.boot.test.context.SpringBootTestContextBootstrapper - Loaded default TestExecutionListener class names from location [META-INF/spring.factories]: [org.springframework.boot.test.mock.mockito.MockitoTestExecutionListener, org.springframework.boot.test.mock.mockito.ResetMocksTestExecutionListener, org.springframework.boot.test.autoconfigure.restdocs.RestDocsTestExecutionListener, org.springframework.boot.test.autoconfigure.web.client.MockRestServiceServerResetTestExecutionListener, org.springframework.boot.test.autoconfigure.web.servlet.MockMvcPrintOnlyOnFailureTestExecutionListener, org.springframework.boot.test.autoconfigure.web.servlet.WebDriverTestExecutionListener, org.springframework.test.context.web.ServletTestExecutionListener, org.springframework.test.context.support.DirtiesContextBeforeModesTestExecutionListener, org.springframework.test.context.support.DependencyInjectionTestExecutionListener, org.springframework.test.context.support.DirtiesContextTestExecutionListener, org.springframework.test.context.transaction.TransactionalTestExecutionListener, org.springframework.test.context.jdbc.SqlScriptsTestExecutionListener, org.springframework.test.context.event.EventPublishingTestExecutionListener]
15:48:28.230 INFO  org.springframework.boot.test.context.SpringBootTestContextBootstrapper - Using TestExecutionListeners: [org.springframework.test.context.support.DirtiesContextBeforeModesTestExecutionListener@53f0a4cb, org.springframework.boot.test.mock.mockito.MockitoTestExecutionListener@77a7cf58, org.springframework.boot.test.autoconfigure.SpringBootDependencyInjectionTestExecutionListener@3d97a632, org.springframework.test.context.support.DirtiesContextTestExecutionListener@616fe72b, org.springframework.test.context.transaction.TransactionalTestExecutionListener@37efd131, org.springframework.test.context.jdbc.SqlScriptsTestExecutionListener@7e7b159b, org.springframework.test.context.event.EventPublishingTestExecutionListener@7e5d9a50, org.springframework.boot.test.mock.mockito.ResetMocksTestExecutionListener@60957c0f, org.springframework.boot.test.autoconfigure.restdocs.RestDocsTestExecutionListener@293a5f75, org.springframework.boot.test.autoconfigure.web.client.MockRestServiceServerResetTestExecutionListener@fcb4004, org.springframework.boot.test.autoconfigure.web.servlet.MockMvcPrintOnlyOnFailureTestExecutionListener@1dd6d4b7, org.springframework.boot.test.autoconfigure.web.servlet.WebDriverTestExecutionListener@56e8b606]
15:48:28.766 INFO  com.weather.siquche.SiqucheApplicationTests - Starting SiqucheApplicationTests on 0FCUYVOZI99DT1M with PID 8924 (started by Administrator in D:\siquche\siquche)
15:48:28.767 INFO  com.weather.siquche.SiqucheApplicationTests - No active profile set, falling back to default profiles: default
15:48:29.951 INFO  org.springframework.data.repository.config.RepositoryConfigurationDelegate - Multiple Spring Data modules found, entering strict repository configuration mode!
15:48:29.958 INFO  org.springframework.data.repository.config.RepositoryConfigurationDelegate - Bootstrapping Spring Data repositories in DEFAULT mode.
15:48:29.999 INFO  org.springframework.data.repository.config.RepositoryConfigurationDelegate - Finished Spring Data repository scanning in 16ms. Found 0 repository interfaces.
15:48:32.530 INFO  com.alibaba.druid.pool.DruidDataSource - {dataSource-1} inited
15:48:35.072 INFO  com.weather.siquche.SiqucheApplicationTests - Started SiqucheApplicationTests in 6.774 seconds (JVM running for 8.433)
15:49:04.577 INFO  com.alibaba.druid.pool.DruidDataSource - {dataSource-1} closed
15:56:05.251 INFO  org.springframework.boot.test.context.SpringBootTestContextBootstrapper - Neither @ContextConfiguration nor @ContextHierarchy found for test class [com.weather.siquche.SiqucheApplicationTests], using SpringBootContextLoader
15:56:05.266 INFO  org.springframework.test.context.support.AbstractContextLoader - Could not detect default resource locations for test class [com.weather.siquche.SiqucheApplicationTests]: no resource found for suffixes {-context.xml, Context.groovy}.
15:56:05.268 INFO  org.springframework.test.context.support.AnnotationConfigContextLoaderUtils - Could not detect default configuration classes for test class [com.weather.siquche.SiqucheApplicationTests]: SiqucheApplicationTests does not declare any static, non-private, non-final, nested classes annotated with @Configuration.
15:56:05.579 INFO  org.springframework.boot.test.context.SpringBootTestContextBootstrapper - Found @SpringBootConfiguration com.weather.siquche.SiqucheApplication for test class com.weather.siquche.SiqucheApplicationTests
15:56:05.726 INFO  org.springframework.boot.test.context.SpringBootTestContextBootstrapper - Loaded default TestExecutionListener class names from location [META-INF/spring.factories]: [org.springframework.boot.test.mock.mockito.MockitoTestExecutionListener, org.springframework.boot.test.mock.mockito.ResetMocksTestExecutionListener, org.springframework.boot.test.autoconfigure.restdocs.RestDocsTestExecutionListener, org.springframework.boot.test.autoconfigure.web.client.MockRestServiceServerResetTestExecutionListener, org.springframework.boot.test.autoconfigure.web.servlet.MockMvcPrintOnlyOnFailureTestExecutionListener, org.springframework.boot.test.autoconfigure.web.servlet.WebDriverTestExecutionListener, org.springframework.test.context.web.ServletTestExecutionListener, org.springframework.test.context.support.DirtiesContextBeforeModesTestExecutionListener, org.springframework.test.context.support.DependencyInjectionTestExecutionListener, org.springframework.test.context.support.DirtiesContextTestExecutionListener, org.springframework.test.context.transaction.TransactionalTestExecutionListener, org.springframework.test.context.jdbc.SqlScriptsTestExecutionListener, org.springframework.test.context.event.EventPublishingTestExecutionListener]
15:56:05.749 INFO  org.springframework.boot.test.context.SpringBootTestContextBootstrapper - Using TestExecutionListeners: [org.springframework.test.context.support.DirtiesContextBeforeModesTestExecutionListener@3569fc08, org.springframework.boot.test.mock.mockito.MockitoTestExecutionListener@20b12f8a, org.springframework.boot.test.autoconfigure.SpringBootDependencyInjectionTestExecutionListener@e84a8e1, org.springframework.test.context.support.DirtiesContextTestExecutionListener@2e554a3b, org.springframework.test.context.transaction.TransactionalTestExecutionListener@54a67a45, org.springframework.test.context.jdbc.SqlScriptsTestExecutionListener@7d42c224, org.springframework.test.context.event.EventPublishingTestExecutionListener@56aaaecd, org.springframework.boot.test.mock.mockito.ResetMocksTestExecutionListener@522a32b1, org.springframework.boot.test.autoconfigure.restdocs.RestDocsTestExecutionListener@35390ee3, org.springframework.boot.test.autoconfigure.web.client.MockRestServiceServerResetTestExecutionListener@5e01a982, org.springframework.boot.test.autoconfigure.web.servlet.MockMvcPrintOnlyOnFailureTestExecutionListener@5ddea849, org.springframework.boot.test.autoconfigure.web.servlet.WebDriverTestExecutionListener@5ee2b6f9]
15:56:06.419 INFO  com.weather.siquche.SiqucheApplicationTests - Starting SiqucheApplicationTests on 0FCUYVOZI99DT1M with PID 1492 (started by Administrator in D:\siquche\siquche)
15:56:06.421 INFO  com.weather.siquche.SiqucheApplicationTests - No active profile set, falling back to default profiles: default
15:56:07.761 INFO  org.springframework.data.repository.config.RepositoryConfigurationDelegate - Multiple Spring Data modules found, entering strict repository configuration mode!
15:56:07.765 INFO  org.springframework.data.repository.config.RepositoryConfigurationDelegate - Bootstrapping Spring Data repositories in DEFAULT mode.
15:56:07.809 INFO  org.springframework.data.repository.config.RepositoryConfigurationDelegate - Finished Spring Data repository scanning in 16ms. Found 0 repository interfaces.
15:56:13.465 INFO  com.weather.siquche.SiqucheApplicationTests - Started SiqucheApplicationTests in 7.632 seconds (JVM running for 9.634)
15:57:34.912 INFO  org.springframework.boot.test.context.SpringBootTestContextBootstrapper - Neither @ContextConfiguration nor @ContextHierarchy found for test class [com.weather.siquche.SiqucheApplicationTests], using SpringBootContextLoader
15:57:34.925 INFO  org.springframework.test.context.support.AbstractContextLoader - Could not detect default resource locations for test class [com.weather.siquche.SiqucheApplicationTests]: no resource found for suffixes {-context.xml, Context.groovy}.
15:57:34.927 INFO  org.springframework.test.context.support.AnnotationConfigContextLoaderUtils - Could not detect default configuration classes for test class [com.weather.siquche.SiqucheApplicationTests]: SiqucheApplicationTests does not declare any static, non-private, non-final, nested classes annotated with @Configuration.
15:57:35.101 INFO  org.springframework.boot.test.context.SpringBootTestContextBootstrapper - Found @SpringBootConfiguration com.weather.siquche.SiqucheApplication for test class com.weather.siquche.SiqucheApplicationTests
15:57:35.269 INFO  org.springframework.boot.test.context.SpringBootTestContextBootstrapper - Loaded default TestExecutionListener class names from location [META-INF/spring.factories]: [org.springframework.boot.test.mock.mockito.MockitoTestExecutionListener, org.springframework.boot.test.mock.mockito.ResetMocksTestExecutionListener, org.springframework.boot.test.autoconfigure.restdocs.RestDocsTestExecutionListener, org.springframework.boot.test.autoconfigure.web.client.MockRestServiceServerResetTestExecutionListener, org.springframework.boot.test.autoconfigure.web.servlet.MockMvcPrintOnlyOnFailureTestExecutionListener, org.springframework.boot.test.autoconfigure.web.servlet.WebDriverTestExecutionListener, org.springframework.test.context.web.ServletTestExecutionListener, org.springframework.test.context.support.DirtiesContextBeforeModesTestExecutionListener, org.springframework.test.context.support.DependencyInjectionTestExecutionListener, org.springframework.test.context.support.DirtiesContextTestExecutionListener, org.springframework.test.context.transaction.TransactionalTestExecutionListener, org.springframework.test.context.jdbc.SqlScriptsTestExecutionListener, org.springframework.test.context.event.EventPublishingTestExecutionListener]
15:57:35.299 INFO  org.springframework.boot.test.context.SpringBootTestContextBootstrapper - Using TestExecutionListeners: [org.springframework.test.context.support.DirtiesContextBeforeModesTestExecutionListener@3569fc08, org.springframework.boot.test.mock.mockito.MockitoTestExecutionListener@20b12f8a, org.springframework.boot.test.autoconfigure.SpringBootDependencyInjectionTestExecutionListener@e84a8e1, org.springframework.test.context.support.DirtiesContextTestExecutionListener@2e554a3b, org.springframework.test.context.transaction.TransactionalTestExecutionListener@54a67a45, org.springframework.test.context.jdbc.SqlScriptsTestExecutionListener@7d42c224, org.springframework.test.context.event.EventPublishingTestExecutionListener@56aaaecd, org.springframework.boot.test.mock.mockito.ResetMocksTestExecutionListener@522a32b1, org.springframework.boot.test.autoconfigure.restdocs.RestDocsTestExecutionListener@35390ee3, org.springframework.boot.test.autoconfigure.web.client.MockRestServiceServerResetTestExecutionListener@5e01a982, org.springframework.boot.test.autoconfigure.web.servlet.MockMvcPrintOnlyOnFailureTestExecutionListener@5ddea849, org.springframework.boot.test.autoconfigure.web.servlet.WebDriverTestExecutionListener@5ee2b6f9]
15:57:35.873 INFO  com.weather.siquche.SiqucheApplicationTests - Starting SiqucheApplicationTests on 0FCUYVOZI99DT1M with PID 12348 (started by Administrator in D:\siquche\siquche)
15:57:35.877 INFO  com.weather.siquche.SiqucheApplicationTests - No active profile set, falling back to default profiles: default
15:57:37.027 INFO  org.springframework.data.repository.config.RepositoryConfigurationDelegate - Multiple Spring Data modules found, entering strict repository configuration mode!
15:57:37.030 INFO  org.springframework.data.repository.config.RepositoryConfigurationDelegate - Bootstrapping Spring Data repositories in DEFAULT mode.
15:57:37.072 INFO  org.springframework.data.repository.config.RepositoryConfigurationDelegate - Finished Spring Data repository scanning in 18ms. Found 0 repository interfaces.
15:57:42.001 INFO  com.weather.siquche.SiqucheApplicationTests - Started SiqucheApplicationTests in 6.633 seconds (JVM running for 8.296)
16:00:53.906 INFO  org.springframework.boot.test.context.SpringBootTestContextBootstrapper - Neither @ContextConfiguration nor @ContextHierarchy found for test class [com.weather.siquche.SiqucheApplicationTests], using SpringBootContextLoader
16:00:53.935 INFO  org.springframework.test.context.support.AbstractContextLoader - Could not detect default resource locations for test class [com.weather.siquche.SiqucheApplicationTests]: no resource found for suffixes {-context.xml, Context.groovy}.
16:00:53.938 INFO  org.springframework.test.context.support.AnnotationConfigContextLoaderUtils - Could not detect default configuration classes for test class [com.weather.siquche.SiqucheApplicationTests]: SiqucheApplicationTests does not declare any static, non-private, non-final, nested classes annotated with @Configuration.
16:00:54.198 INFO  org.springframework.boot.test.context.SpringBootTestContextBootstrapper - Found @SpringBootConfiguration com.weather.siquche.SiqucheApplication for test class com.weather.siquche.SiqucheApplicationTests
16:00:54.500 INFO  org.springframework.boot.test.context.SpringBootTestContextBootstrapper - Loaded default TestExecutionListener class names from location [META-INF/spring.factories]: [org.springframework.boot.test.mock.mockito.MockitoTestExecutionListener, org.springframework.boot.test.mock.mockito.ResetMocksTestExecutionListener, org.springframework.boot.test.autoconfigure.restdocs.RestDocsTestExecutionListener, org.springframework.boot.test.autoconfigure.web.client.MockRestServiceServerResetTestExecutionListener, org.springframework.boot.test.autoconfigure.web.servlet.MockMvcPrintOnlyOnFailureTestExecutionListener, org.springframework.boot.test.autoconfigure.web.servlet.WebDriverTestExecutionListener, org.springframework.test.context.web.ServletTestExecutionListener, org.springframework.test.context.support.DirtiesContextBeforeModesTestExecutionListener, org.springframework.test.context.support.DependencyInjectionTestExecutionListener, org.springframework.test.context.support.DirtiesContextTestExecutionListener, org.springframework.test.context.transaction.TransactionalTestExecutionListener, org.springframework.test.context.jdbc.SqlScriptsTestExecutionListener, org.springframework.test.context.event.EventPublishingTestExecutionListener]
16:00:54.543 INFO  org.springframework.boot.test.context.SpringBootTestContextBootstrapper - Using TestExecutionListeners: [org.springframework.test.context.support.DirtiesContextBeforeModesTestExecutionListener@3569fc08, org.springframework.boot.test.mock.mockito.MockitoTestExecutionListener@20b12f8a, org.springframework.boot.test.autoconfigure.SpringBootDependencyInjectionTestExecutionListener@e84a8e1, org.springframework.test.context.support.DirtiesContextTestExecutionListener@2e554a3b, org.springframework.test.context.transaction.TransactionalTestExecutionListener@54a67a45, org.springframework.test.context.jdbc.SqlScriptsTestExecutionListener@7d42c224, org.springframework.test.context.event.EventPublishingTestExecutionListener@56aaaecd, org.springframework.boot.test.mock.mockito.ResetMocksTestExecutionListener@522a32b1, org.springframework.boot.test.autoconfigure.restdocs.RestDocsTestExecutionListener@35390ee3, org.springframework.boot.test.autoconfigure.web.client.MockRestServiceServerResetTestExecutionListener@5e01a982, org.springframework.boot.test.autoconfigure.web.servlet.MockMvcPrintOnlyOnFailureTestExecutionListener@5ddea849, org.springframework.boot.test.autoconfigure.web.servlet.WebDriverTestExecutionListener@5ee2b6f9]
16:00:55.348 INFO  com.weather.siquche.SiqucheApplicationTests - Starting SiqucheApplicationTests on 0FCUYVOZI99DT1M with PID 13876 (started by Administrator in D:\siquche\siquche)
16:00:55.350 INFO  com.weather.siquche.SiqucheApplicationTests - No active profile set, falling back to default profiles: default
16:00:56.941 INFO  org.springframework.data.repository.config.RepositoryConfigurationDelegate - Multiple Spring Data modules found, entering strict repository configuration mode!
16:00:56.946 INFO  org.springframework.data.repository.config.RepositoryConfigurationDelegate - Bootstrapping Spring Data repositories in DEFAULT mode.
16:00:57.009 INFO  org.springframework.data.repository.config.RepositoryConfigurationDelegate - Finished Spring Data repository scanning in 28ms. Found 0 repository interfaces.
16:01:02.854 INFO  com.weather.siquche.SiqucheApplicationTests - Started SiqucheApplicationTests in 8.216 seconds (JVM running for 10.823)
16:11:19.873 INFO  org.springframework.boot.test.context.SpringBootTestContextBootstrapper - Neither @ContextConfiguration nor @ContextHierarchy found for test class [com.weather.siquche.SiqucheApplicationTests], using SpringBootContextLoader
16:11:19.888 INFO  org.springframework.test.context.support.AbstractContextLoader - Could not detect default resource locations for test class [com.weather.siquche.SiqucheApplicationTests]: no resource found for suffixes {-context.xml, Context.groovy}.
16:11:19.889 INFO  org.springframework.test.context.support.AnnotationConfigContextLoaderUtils - Could not detect default configuration classes for test class [com.weather.siquche.SiqucheApplicationTests]: SiqucheApplicationTests does not declare any static, non-private, non-final, nested classes annotated with @Configuration.
16:11:20.114 INFO  org.springframework.boot.test.context.SpringBootTestContextBootstrapper - Found @SpringBootConfiguration com.weather.siquche.SiqucheApplication for test class com.weather.siquche.SiqucheApplicationTests
16:11:20.295 INFO  org.springframework.boot.test.context.SpringBootTestContextBootstrapper - Loaded default TestExecutionListener class names from location [META-INF/spring.factories]: [org.springframework.boot.test.mock.mockito.MockitoTestExecutionListener, org.springframework.boot.test.mock.mockito.ResetMocksTestExecutionListener, org.springframework.boot.test.autoconfigure.restdocs.RestDocsTestExecutionListener, org.springframework.boot.test.autoconfigure.web.client.MockRestServiceServerResetTestExecutionListener, org.springframework.boot.test.autoconfigure.web.servlet.MockMvcPrintOnlyOnFailureTestExecutionListener, org.springframework.boot.test.autoconfigure.web.servlet.WebDriverTestExecutionListener, org.springframework.test.context.web.ServletTestExecutionListener, org.springframework.test.context.support.DirtiesContextBeforeModesTestExecutionListener, org.springframework.test.context.support.DependencyInjectionTestExecutionListener, org.springframework.test.context.support.DirtiesContextTestExecutionListener, org.springframework.test.context.transaction.TransactionalTestExecutionListener, org.springframework.test.context.jdbc.SqlScriptsTestExecutionListener, org.springframework.test.context.event.EventPublishingTestExecutionListener]
16:11:20.337 INFO  org.springframework.boot.test.context.SpringBootTestContextBootstrapper - Using TestExecutionListeners: [org.springframework.test.context.support.DirtiesContextBeforeModesTestExecutionListener@3c9bfddc, org.springframework.boot.test.mock.mockito.MockitoTestExecutionListener@1a9c38eb, org.springframework.boot.test.autoconfigure.SpringBootDependencyInjectionTestExecutionListener@319bc845, org.springframework.test.context.support.DirtiesContextTestExecutionListener@4c5474f5, org.springframework.test.context.transaction.TransactionalTestExecutionListener@2f4205be, org.springframework.test.context.jdbc.SqlScriptsTestExecutionListener@54e22bdd, org.springframework.test.context.event.EventPublishingTestExecutionListener@3bd418e4, org.springframework.boot.test.mock.mockito.ResetMocksTestExecutionListener@544820b7, org.springframework.boot.test.autoconfigure.restdocs.RestDocsTestExecutionListener@6b98a075, org.springframework.boot.test.autoconfigure.web.client.MockRestServiceServerResetTestExecutionListener@2e61d218, org.springframework.boot.test.autoconfigure.web.servlet.MockMvcPrintOnlyOnFailureTestExecutionListener@3569fc08, org.springframework.boot.test.autoconfigure.web.servlet.WebDriverTestExecutionListener@20b12f8a]
16:11:20.977 INFO  com.weather.siquche.SiqucheApplicationTests - Starting SiqucheApplicationTests on 0FCUYVOZI99DT1M with PID 656 (started by Administrator in D:\siquche\siquche)
16:11:20.979 INFO  com.weather.siquche.SiqucheApplicationTests - No active profile set, falling back to default profiles: default
16:11:22.163 INFO  org.springframework.data.repository.config.RepositoryConfigurationDelegate - Multiple Spring Data modules found, entering strict repository configuration mode!
16:11:22.166 INFO  org.springframework.data.repository.config.RepositoryConfigurationDelegate - Bootstrapping Spring Data repositories in DEFAULT mode.
16:11:22.215 INFO  org.springframework.data.repository.config.RepositoryConfigurationDelegate - Finished Spring Data repository scanning in 24ms. Found 0 repository interfaces.
16:11:24.861 INFO  com.alibaba.druid.pool.DruidDataSource - {dataSource-1} inited
16:11:27.467 INFO  com.weather.siquche.SiqucheApplicationTests - Started SiqucheApplicationTests in 7.044 seconds (JVM running for 8.906)
16:11:58.286 INFO  com.alibaba.druid.pool.DruidDataSource - {dataSource-1} closed
16:13:14.637 INFO  org.springframework.boot.test.context.SpringBootTestContextBootstrapper - Neither @ContextConfiguration nor @ContextHierarchy found for test class [com.weather.siquche.SiqucheApplicationTests], using SpringBootContextLoader
16:13:14.650 INFO  org.springframework.test.context.support.AbstractContextLoader - Could not detect default resource locations for test class [com.weather.siquche.SiqucheApplicationTests]: no resource found for suffixes {-context.xml, Context.groovy}.
16:13:14.652 INFO  org.springframework.test.context.support.AnnotationConfigContextLoaderUtils - Could not detect default configuration classes for test class [com.weather.siquche.SiqucheApplicationTests]: SiqucheApplicationTests does not declare any static, non-private, non-final, nested classes annotated with @Configuration.
16:13:14.884 INFO  org.springframework.boot.test.context.SpringBootTestContextBootstrapper - Found @SpringBootConfiguration com.weather.siquche.SiqucheApplication for test class com.weather.siquche.SiqucheApplicationTests
16:13:15.095 INFO  org.springframework.boot.test.context.SpringBootTestContextBootstrapper - Loaded default TestExecutionListener class names from location [META-INF/spring.factories]: [org.springframework.boot.test.mock.mockito.MockitoTestExecutionListener, org.springframework.boot.test.mock.mockito.ResetMocksTestExecutionListener, org.springframework.boot.test.autoconfigure.restdocs.RestDocsTestExecutionListener, org.springframework.boot.test.autoconfigure.web.client.MockRestServiceServerResetTestExecutionListener, org.springframework.boot.test.autoconfigure.web.servlet.MockMvcPrintOnlyOnFailureTestExecutionListener, org.springframework.boot.test.autoconfigure.web.servlet.WebDriverTestExecutionListener, org.springframework.test.context.web.ServletTestExecutionListener, org.springframework.test.context.support.DirtiesContextBeforeModesTestExecutionListener, org.springframework.test.context.support.DependencyInjectionTestExecutionListener, org.springframework.test.context.support.DirtiesContextTestExecutionListener, org.springframework.test.context.transaction.TransactionalTestExecutionListener, org.springframework.test.context.jdbc.SqlScriptsTestExecutionListener, org.springframework.test.context.event.EventPublishingTestExecutionListener]
16:13:15.125 INFO  org.springframework.boot.test.context.SpringBootTestContextBootstrapper - Using TestExecutionListeners: [org.springframework.test.context.support.DirtiesContextBeforeModesTestExecutionListener@3c9bfddc, org.springframework.boot.test.mock.mockito.MockitoTestExecutionListener@1a9c38eb, org.springframework.boot.test.autoconfigure.SpringBootDependencyInjectionTestExecutionListener@319bc845, org.springframework.test.context.support.DirtiesContextTestExecutionListener@4c5474f5, org.springframework.test.context.transaction.TransactionalTestExecutionListener@2f4205be, org.springframework.test.context.jdbc.SqlScriptsTestExecutionListener@54e22bdd, org.springframework.test.context.event.EventPublishingTestExecutionListener@3bd418e4, org.springframework.boot.test.mock.mockito.ResetMocksTestExecutionListener@544820b7, org.springframework.boot.test.autoconfigure.restdocs.RestDocsTestExecutionListener@6b98a075, org.springframework.boot.test.autoconfigure.web.client.MockRestServiceServerResetTestExecutionListener@2e61d218, org.springframework.boot.test.autoconfigure.web.servlet.MockMvcPrintOnlyOnFailureTestExecutionListener@3569fc08, org.springframework.boot.test.autoconfigure.web.servlet.WebDriverTestExecutionListener@20b12f8a]
16:13:15.652 INFO  com.weather.siquche.SiqucheApplicationTests - Starting SiqucheApplicationTests on 0FCUYVOZI99DT1M with PID 14772 (started by Administrator in D:\siquche\siquche)
16:13:15.654 INFO  com.weather.siquche.SiqucheApplicationTests - No active profile set, falling back to default profiles: default
16:13:16.882 INFO  org.springframework.data.repository.config.RepositoryConfigurationDelegate - Multiple Spring Data modules found, entering strict repository configuration mode!
16:13:16.886 INFO  org.springframework.data.repository.config.RepositoryConfigurationDelegate - Bootstrapping Spring Data repositories in DEFAULT mode.
16:13:16.939 INFO  org.springframework.data.repository.config.RepositoryConfigurationDelegate - Finished Spring Data repository scanning in 21ms. Found 0 repository interfaces.
16:13:19.516 INFO  com.alibaba.druid.pool.DruidDataSource - {dataSource-1} inited
16:13:22.062 INFO  com.weather.siquche.SiqucheApplicationTests - Started SiqucheApplicationTests in 6.88 seconds (JVM running for 8.668)
16:13:52.358 INFO  com.alibaba.druid.pool.DruidDataSource - {dataSource-1} closed
