10:32:19.666 INFO  com.weather.siquche.SiqucheApplication - Starting SiqucheApplication on LAPTOP-KFU4VFES with PID 12600 (D:\JavaCode\siquche\target\classes started by 45863 in D:\JavaCode\siquche)
10:32:19.674 INFO  com.weather.siquche.SiqucheApplication - No active profile set, falling back to default profiles: default
10:32:19.757 INFO  org.springframework.boot.devtools.env.DevToolsPropertyDefaultsPostProcessor - Devtools property defaults active! Set 'spring.devtools.add-properties' to 'false' to disable
10:32:19.758 INFO  org.springframework.boot.devtools.env.DevToolsPropertyDefaultsPostProcessor - For additional web related logging consider setting the 'logging.level.web' property to 'DEBUG'
10:32:21.892 INFO  org.springframework.data.repository.config.RepositoryConfigurationDelegate - Multiple Spring Data modules found, entering strict repository configuration mode!
10:32:21.896 INFO  org.springframework.data.repository.config.RepositoryConfigurationDelegate - Bootstrapping Spring Data repositories in DEFAULT mode.
10:32:21.940 INFO  org.springframework.data.repository.config.RepositoryConfigurationDelegate - Finished Spring Data repository scanning in 17ms. Found 0 repository interfaces.
10:32:22.439 INFO  org.springframework.context.support.PostProcessorRegistrationDelegate$BeanPostProcessorChecker - Bean 'redisConfig' of type [com.weather.siquche.cofig.RedisConfig$$EnhancerBySpringCGLIB$$5e768986] is not eligible for getting processed by all BeanPostProcessors (for example: not eligible for auto-proxying)
10:32:22.452 INFO  org.springframework.context.support.PostProcessorRegistrationDelegate$BeanPostProcessorChecker - Bean 'org.springframework.transaction.annotation.ProxyTransactionManagementConfiguration' of type [org.springframework.transaction.annotation.ProxyTransactionManagementConfiguration] is not eligible for getting processed by all BeanPostProcessors (for example: not eligible for auto-proxying)
10:32:22.978 INFO  org.springframework.boot.web.embedded.tomcat.TomcatWebServer - Tomcat initialized with port(s): 8443 (http)
10:32:22.993 INFO  org.apache.coyote.http11.Http11NioProtocol - Initializing ProtocolHandler ["http-nio-8443"]
10:32:22.994 INFO  org.apache.catalina.core.StandardService - Starting service [Tomcat]
10:32:22.995 INFO  org.apache.catalina.core.StandardEngine - Starting Servlet engine: [Apache Tomcat/9.0.27]
10:32:23.160 INFO  org.apache.catalina.core.ContainerBase.[Tomcat].[localhost].[/] - Initializing Spring embedded WebApplicationContext
10:32:23.160 INFO  org.springframework.web.context.ContextLoader - Root WebApplicationContext: initialization completed in 3401 ms
10:32:24.413 INFO  com.alibaba.druid.pool.DruidDataSource - {dataSource-1} inited
10:32:25.585 INFO  springfox.documentation.spring.web.PropertySourcedRequestMappingHandlerMapping - Mapped URL path [/v2/api-docs] onto method [springfox.documentation.swagger2.web.Swagger2Controller#getDocumentation(String, HttpServletRequest)]
10:32:26.163 INFO  org.springframework.scheduling.concurrent.ThreadPoolTaskExecutor - Initializing ExecutorService 'applicationTaskExecutor'
10:32:26.234 INFO  org.springframework.boot.devtools.autoconfigure.OptionalLiveReloadServer - LiveReload server is running on port 35729
10:32:26.642 INFO  springfox.documentation.spring.web.plugins.DocumentationPluginsBootstrapper - Context refreshed
10:32:26.669 INFO  springfox.documentation.spring.web.plugins.DocumentationPluginsBootstrapper - Found 1 custom documentation plugin(s)
10:32:26.712 INFO  springfox.documentation.spring.web.scanners.ApiListingReferenceScanner - Scanning for api listing references
10:32:26.955 INFO  org.apache.coyote.http11.Http11NioProtocol - Starting ProtocolHandler ["http-nio-8443"]
10:32:27.417 INFO  org.springframework.boot.web.embedded.tomcat.TomcatWebServer - Tomcat started on port(s): 8443 (http) with context path ''
10:32:27.423 INFO  com.weather.siquche.SiqucheApplication - Started SiqucheApplication in 8.45 seconds (JVM running for 11.3)
10:35:25.225 INFO  org.apache.catalina.core.ContainerBase.[Tomcat].[localhost].[/] - Initializing Spring DispatcherServlet 'dispatcherServlet'
10:35:25.225 INFO  org.springframework.web.servlet.DispatcherServlet - Initializing Servlet 'dispatcherServlet'
10:35:25.240 INFO  org.springframework.web.servlet.DispatcherServlet - Completed initialization in 14 ms
17:52:44.395 INFO  com.weather.siquche.SiqucheApplication - Starting SiqucheApplication on LAPTOP-KFU4VFES with PID 7500 (D:\JavaCode\siquche\target\classes started by 45863 in D:\JavaCode\siquche)
17:52:44.398 INFO  com.weather.siquche.SiqucheApplication - No active profile set, falling back to default profiles: default
17:52:44.449 INFO  org.springframework.boot.devtools.env.DevToolsPropertyDefaultsPostProcessor - Devtools property defaults active! Set 'spring.devtools.add-properties' to 'false' to disable
17:52:44.449 INFO  org.springframework.boot.devtools.env.DevToolsPropertyDefaultsPostProcessor - For additional web related logging consider setting the 'logging.level.web' property to 'DEBUG'
17:52:45.585 INFO  org.springframework.data.repository.config.RepositoryConfigurationDelegate - Multiple Spring Data modules found, entering strict repository configuration mode!
17:52:45.587 INFO  org.springframework.data.repository.config.RepositoryConfigurationDelegate - Bootstrapping Spring Data repositories in DEFAULT mode.
17:52:45.610 INFO  org.springframework.data.repository.config.RepositoryConfigurationDelegate - Finished Spring Data repository scanning in 10ms. Found 0 repository interfaces.
17:52:45.890 INFO  org.springframework.context.support.PostProcessorRegistrationDelegate$BeanPostProcessorChecker - Bean 'redisConfig' of type [com.weather.siquche.cofig.RedisConfig$$EnhancerBySpringCGLIB$$4c5fa3cf] is not eligible for getting processed by all BeanPostProcessors (for example: not eligible for auto-proxying)
17:52:45.895 INFO  org.springframework.context.support.PostProcessorRegistrationDelegate$BeanPostProcessorChecker - Bean 'org.springframework.transaction.annotation.ProxyTransactionManagementConfiguration' of type [org.springframework.transaction.annotation.ProxyTransactionManagementConfiguration] is not eligible for getting processed by all BeanPostProcessors (for example: not eligible for auto-proxying)
17:52:46.187 INFO  org.springframework.boot.web.embedded.tomcat.TomcatWebServer - Tomcat initialized with port(s): 8443 (http)
17:52:46.197 INFO  org.apache.coyote.http11.Http11NioProtocol - Initializing ProtocolHandler ["http-nio-8443"]
17:52:46.197 INFO  org.apache.catalina.core.StandardService - Starting service [Tomcat]
17:52:46.198 INFO  org.apache.catalina.core.StandardEngine - Starting Servlet engine: [Apache Tomcat/9.0.27]
17:52:46.296 INFO  org.apache.catalina.core.ContainerBase.[Tomcat].[localhost].[/] - Initializing Spring embedded WebApplicationContext
17:52:46.296 INFO  org.springframework.web.context.ContextLoader - Root WebApplicationContext: initialization completed in 1847 ms
17:52:46.992 INFO  com.alibaba.druid.pool.DruidDataSource - {dataSource-1} inited
17:52:47.808 INFO  springfox.documentation.spring.web.PropertySourcedRequestMappingHandlerMapping - Mapped URL path [/v2/api-docs] onto method [springfox.documentation.swagger2.web.Swagger2Controller#getDocumentation(String, HttpServletRequest)]
17:52:48.107 INFO  org.springframework.scheduling.concurrent.ThreadPoolTaskExecutor - Initializing ExecutorService 'applicationTaskExecutor'
17:52:48.144 INFO  org.springframework.boot.devtools.autoconfigure.OptionalLiveReloadServer - LiveReload server is running on port 35729
17:52:48.376 INFO  springfox.documentation.spring.web.plugins.DocumentationPluginsBootstrapper - Context refreshed
17:52:48.391 INFO  springfox.documentation.spring.web.plugins.DocumentationPluginsBootstrapper - Found 1 custom documentation plugin(s)
17:52:48.418 INFO  springfox.documentation.spring.web.scanners.ApiListingReferenceScanner - Scanning for api listing references
17:52:48.554 INFO  org.apache.coyote.http11.Http11NioProtocol - Starting ProtocolHandler ["http-nio-8443"]
17:52:48.846 INFO  org.springframework.boot.web.embedded.tomcat.TomcatWebServer - Tomcat started on port(s): 8443 (http) with context path ''
17:52:48.851 INFO  com.weather.siquche.SiqucheApplication - Started SiqucheApplication in 4.851 seconds (JVM running for 6.788)
17:55:00.427 INFO  org.apache.catalina.core.ContainerBase.[Tomcat].[localhost].[/] - Initializing Spring DispatcherServlet 'dispatcherServlet'
17:55:00.428 INFO  org.springframework.web.servlet.DispatcherServlet - Initializing Servlet 'dispatcherServlet'
17:55:00.440 INFO  org.springframework.web.servlet.DispatcherServlet - Completed initialization in 12 ms
14:57:55.956 INFO  org.springframework.boot.test.context.SpringBootTestContextBootstrapper - Neither @ContextConfiguration nor @ContextHierarchy found for test class [com.weather.siquche.SiqucheApplicationTests], using SpringBootContextLoader
14:57:55.964 INFO  org.springframework.test.context.support.AbstractContextLoader - Could not detect default resource locations for test class [com.weather.siquche.SiqucheApplicationTests]: no resource found for suffixes {-context.xml, Context.groovy}.
14:57:55.965 INFO  org.springframework.test.context.support.AnnotationConfigContextLoaderUtils - Could not detect default configuration classes for test class [com.weather.siquche.SiqucheApplicationTests]: SiqucheApplicationTests does not declare any static, non-private, non-final, nested classes annotated with @Configuration.
14:57:56.141 INFO  org.springframework.boot.test.context.SpringBootTestContextBootstrapper - Found @SpringBootConfiguration com.weather.siquche.SiqucheApplication for test class com.weather.siquche.SiqucheApplicationTests
14:57:56.312 INFO  org.springframework.boot.test.context.SpringBootTestContextBootstrapper - Loaded default TestExecutionListener class names from location [META-INF/spring.factories]: [org.springframework.boot.test.mock.mockito.MockitoTestExecutionListener, org.springframework.boot.test.mock.mockito.ResetMocksTestExecutionListener, org.springframework.boot.test.autoconfigure.restdocs.RestDocsTestExecutionListener, org.springframework.boot.test.autoconfigure.web.client.MockRestServiceServerResetTestExecutionListener, org.springframework.boot.test.autoconfigure.web.servlet.MockMvcPrintOnlyOnFailureTestExecutionListener, org.springframework.boot.test.autoconfigure.web.servlet.WebDriverTestExecutionListener, org.springframework.test.context.web.ServletTestExecutionListener, org.springframework.test.context.support.DirtiesContextBeforeModesTestExecutionListener, org.springframework.test.context.support.DependencyInjectionTestExecutionListener, org.springframework.test.context.support.DirtiesContextTestExecutionListener, org.springframework.test.context.transaction.TransactionalTestExecutionListener, org.springframework.test.context.jdbc.SqlScriptsTestExecutionListener, org.springframework.test.context.event.EventPublishingTestExecutionListener]
14:57:56.344 INFO  org.springframework.boot.test.context.SpringBootTestContextBootstrapper - Using TestExecutionListeners: [org.springframework.test.context.web.ServletTestExecutionListener@1e636ea3, org.springframework.test.context.support.DirtiesContextBeforeModesTestExecutionListener@115667d, org.springframework.boot.test.mock.mockito.MockitoTestExecutionListener@736caf7a, org.springframework.boot.test.autoconfigure.SpringBootDependencyInjectionTestExecutionListener@4ce7fffa, org.springframework.test.context.support.DirtiesContextTestExecutionListener@497486b3, org.springframework.test.context.transaction.TransactionalTestExecutionListener@63f8276e, org.springframework.test.context.jdbc.SqlScriptsTestExecutionListener@75f95314, org.springframework.test.context.event.EventPublishingTestExecutionListener@6127a7e, org.springframework.boot.test.mock.mockito.ResetMocksTestExecutionListener@6bbe2511, org.springframework.boot.test.autoconfigure.restdocs.RestDocsTestExecutionListener@495fac5f, org.springframework.boot.test.autoconfigure.web.client.MockRestServiceServerResetTestExecutionListener@76012793, org.springframework.boot.test.autoconfigure.web.servlet.MockMvcPrintOnlyOnFailureTestExecutionListener@635572a7, org.springframework.boot.test.autoconfigure.web.servlet.WebDriverTestExecutionListener@79d94571]
14:57:57.025 INFO  com.weather.siquche.SiqucheApplicationTests - Starting SiqucheApplicationTests on 0FCUYVOZI99DT1M with PID 1584 (started by Administrator in D:\siquche\siquche)
14:57:57.026 INFO  com.weather.siquche.SiqucheApplicationTests - No active profile set, falling back to default profiles: default
14:57:59.115 INFO  org.springframework.data.repository.config.RepositoryConfigurationDelegate - Multiple Spring Data modules found, entering strict repository configuration mode!
14:57:59.119 INFO  org.springframework.data.repository.config.RepositoryConfigurationDelegate - Bootstrapping Spring Data repositories in DEFAULT mode.
14:57:59.161 INFO  org.springframework.data.repository.config.RepositoryConfigurationDelegate - Finished Spring Data repository scanning in 16ms. Found 0 repository interfaces.
14:57:59.796 INFO  org.springframework.context.support.PostProcessorRegistrationDelegate$BeanPostProcessorChecker - Bean 'redisConfig' of type [com.weather.siquche.cofig.RedisConfig$$EnhancerBySpringCGLIB$$bfb27a44] is not eligible for getting processed by all BeanPostProcessors (for example: not eligible for auto-proxying)
14:57:59.803 INFO  org.springframework.context.support.PostProcessorRegistrationDelegate$BeanPostProcessorChecker - Bean 'org.springframework.transaction.annotation.ProxyTransactionManagementConfiguration' of type [org.springframework.transaction.annotation.ProxyTransactionManagementConfiguration] is not eligible for getting processed by all BeanPostProcessors (for example: not eligible for auto-proxying)
14:58:02.509 INFO  com.alibaba.druid.pool.DruidDataSource - {dataSource-1} inited
14:58:04.460 INFO  springfox.documentation.spring.web.PropertySourcedRequestMappingHandlerMapping - Mapped URL path [/v2/api-docs] onto method [springfox.documentation.swagger2.web.Swagger2Controller#getDocumentation(String, HttpServletRequest)]
14:58:05.641 INFO  org.springframework.scheduling.concurrent.ThreadPoolTaskExecutor - Initializing ExecutorService 'applicationTaskExecutor'
14:58:06.436 INFO  springfox.documentation.spring.web.plugins.DocumentationPluginsBootstrapper - Context refreshed
14:58:06.474 INFO  springfox.documentation.spring.web.plugins.DocumentationPluginsBootstrapper - Found 1 custom documentation plugin(s)
14:58:06.516 INFO  springfox.documentation.spring.web.scanners.ApiListingReferenceScanner - Scanning for api listing references
14:58:06.836 INFO  com.weather.siquche.SiqucheApplicationTests - Started SiqucheApplicationTests in 10.407 seconds (JVM running for 13.448)
14:58:08.299 INFO  org.springframework.scheduling.concurrent.ThreadPoolTaskExecutor - Shutting down ExecutorService 'applicationTaskExecutor'
14:58:08.349 INFO  com.alibaba.druid.pool.DruidDataSource - {dataSource-1} closed
15:01:18.911 INFO  com.weather.siquche.SiqucheApplication - Starting SiqucheApplication on 0FCUYVOZI99DT1M with PID 7936 (D:\siquche\siquche\target\classes started by Administrator in D:\siquche\siquche)
15:01:18.915 INFO  com.weather.siquche.SiqucheApplication - No active profile set, falling back to default profiles: default
15:01:18.996 INFO  org.springframework.boot.devtools.env.DevToolsPropertyDefaultsPostProcessor - Devtools property defaults active! Set 'spring.devtools.add-properties' to 'false' to disable
15:01:18.996 INFO  org.springframework.boot.devtools.env.DevToolsPropertyDefaultsPostProcessor - For additional web related logging consider setting the 'logging.level.web' property to 'DEBUG'
15:01:20.310 INFO  org.springframework.data.repository.config.RepositoryConfigurationDelegate - Multiple Spring Data modules found, entering strict repository configuration mode!
15:01:20.312 INFO  org.springframework.data.repository.config.RepositoryConfigurationDelegate - Bootstrapping Spring Data repositories in DEFAULT mode.
15:01:20.335 INFO  org.springframework.data.repository.config.RepositoryConfigurationDelegate - Finished Spring Data repository scanning in 9ms. Found 0 repository interfaces.
15:01:20.644 INFO  org.springframework.context.support.PostProcessorRegistrationDelegate$BeanPostProcessorChecker - Bean 'redisConfig' of type [com.weather.siquche.cofig.RedisConfig$$EnhancerBySpringCGLIB$$fdd9ac48] is not eligible for getting processed by all BeanPostProcessors (for example: not eligible for auto-proxying)
15:01:20.649 INFO  org.springframework.context.support.PostProcessorRegistrationDelegate$BeanPostProcessorChecker - Bean 'org.springframework.transaction.annotation.ProxyTransactionManagementConfiguration' of type [org.springframework.transaction.annotation.ProxyTransactionManagementConfiguration] is not eligible for getting processed by all BeanPostProcessors (for example: not eligible for auto-proxying)
15:01:21.048 INFO  org.springframework.boot.web.embedded.tomcat.TomcatWebServer - Tomcat initialized with port(s): 8443 (http)
15:01:21.056 INFO  org.apache.coyote.http11.Http11NioProtocol - Initializing ProtocolHandler ["http-nio-8443"]
15:01:21.057 INFO  org.apache.catalina.core.StandardService - Starting service [Tomcat]
15:01:21.057 INFO  org.apache.catalina.core.StandardEngine - Starting Servlet engine: [Apache Tomcat/9.0.27]
15:01:21.150 INFO  org.apache.catalina.core.ContainerBase.[Tomcat].[localhost].[/] - Initializing Spring embedded WebApplicationContext
15:01:21.151 INFO  org.springframework.web.context.ContextLoader - Root WebApplicationContext: initialization completed in 2155 ms
15:01:22.086 INFO  com.alibaba.druid.pool.DruidDataSource - {dataSource-1} inited
15:01:22.830 INFO  springfox.documentation.spring.web.PropertySourcedRequestMappingHandlerMapping - Mapped URL path [/v2/api-docs] onto method [springfox.documentation.swagger2.web.Swagger2Controller#getDocumentation(String, HttpServletRequest)]
15:01:23.174 INFO  org.springframework.scheduling.concurrent.ThreadPoolTaskExecutor - Initializing ExecutorService 'applicationTaskExecutor'
15:01:23.219 INFO  org.springframework.boot.devtools.autoconfigure.OptionalLiveReloadServer - LiveReload server is running on port 35729
15:01:23.506 INFO  springfox.documentation.spring.web.plugins.DocumentationPluginsBootstrapper - Context refreshed
15:01:23.534 INFO  springfox.documentation.spring.web.plugins.DocumentationPluginsBootstrapper - Found 1 custom documentation plugin(s)
15:01:23.562 INFO  springfox.documentation.spring.web.scanners.ApiListingReferenceScanner - Scanning for api listing references
15:01:23.710 INFO  org.apache.coyote.http11.Http11NioProtocol - Starting ProtocolHandler ["http-nio-8443"]
15:01:23.807 INFO  org.springframework.boot.web.embedded.tomcat.TomcatWebServer - Tomcat started on port(s): 8443 (http) with context path ''
15:01:23.811 INFO  com.weather.siquche.SiqucheApplication - Started SiqucheApplication in 5.532 seconds (JVM running for 7.232)
15:01:33.552 INFO  org.apache.catalina.core.ContainerBase.[Tomcat].[localhost].[/] - Initializing Spring DispatcherServlet 'dispatcherServlet'
15:01:33.553 INFO  org.springframework.web.servlet.DispatcherServlet - Initializing Servlet 'dispatcherServlet'
15:01:33.568 INFO  org.springframework.web.servlet.DispatcherServlet - Completed initialization in 15 ms
15:01:33.936 WARN  org.springframework.web.servlet.mvc.support.DefaultHandlerExceptionResolver - Resolved [org.springframework.http.converter.HttpMessageNotReadableException: JSON parse error: Cannot deserialize value of type `java.time.LocalDate` from String "this.value1": Failed to deserialize java.time.LocalDate: (java.time.format.DateTimeParseException) Text 'this.value1' could not be parsed at index 0; nested exception is com.fasterxml.jackson.databind.exc.InvalidFormatException: Cannot deserialize value of type `java.time.LocalDate` from String "this.value1": Failed to deserialize java.time.LocalDate: (java.time.format.DateTimeParseException) Text 'this.value1' could not be parsed at index 0
 at [Source: (PushbackInputStream); line: 1, column: 9] (through reference chain: com.weather.siquche.povo.vo.TimeVO["date"])]
15:04:44.637 WARN  org.springframework.web.servlet.mvc.support.DefaultHandlerExceptionResolver - Resolved [org.springframework.http.converter.HttpMessageNotReadableException: JSON parse error: Cannot deserialize value of type `java.time.LocalDate` from String "date1": Failed to deserialize java.time.LocalDate: (java.time.format.DateTimeParseException) Text 'date1' could not be parsed at index 0; nested exception is com.fasterxml.jackson.databind.exc.InvalidFormatException: Cannot deserialize value of type `java.time.LocalDate` from String "date1": Failed to deserialize java.time.LocalDate: (java.time.format.DateTimeParseException) Text 'date1' could not be parsed at index 0
 at [Source: (PushbackInputStream); line: 1, column: 9] (through reference chain: com.weather.siquche.povo.vo.TimeVO["date"])]
15:06:22.870 WARN  org.springframework.web.servlet.mvc.support.DefaultHandlerExceptionResolver - Resolved [org.springframework.http.converter.HttpMessageNotReadableException: JSON parse error: Cannot deserialize value of type `java.time.LocalDate` from String "date1": Failed to deserialize java.time.LocalDate: (java.time.format.DateTimeParseException) Text 'date1' could not be parsed at index 0; nested exception is com.fasterxml.jackson.databind.exc.InvalidFormatException: Cannot deserialize value of type `java.time.LocalDate` from String "date1": Failed to deserialize java.time.LocalDate: (java.time.format.DateTimeParseException) Text 'date1' could not be parsed at index 0
 at [Source: (PushbackInputStream); line: 1, column: 9] (through reference chain: com.weather.siquche.povo.vo.TimeVO["date"])]
16:14:55.250 WARN  org.springframework.web.servlet.mvc.support.DefaultHandlerExceptionResolver - Resolved [org.springframework.http.converter.HttpMessageNotReadableException: JSON parse error: Cannot deserialize value of type `java.time.LocalDate` from String "date1": Failed to deserialize java.time.LocalDate: (java.time.format.DateTimeParseException) Text 'date1' could not be parsed at index 0; nested exception is com.fasterxml.jackson.databind.exc.InvalidFormatException: Cannot deserialize value of type `java.time.LocalDate` from String "date1": Failed to deserialize java.time.LocalDate: (java.time.format.DateTimeParseException) Text 'date1' could not be parsed at index 0
 at [Source: (PushbackInputStream); line: 1, column: 9] (through reference chain: com.weather.siquche.povo.vo.TimeVO["date"])]
16:15:37.306 WARN  org.springframework.web.servlet.mvc.support.DefaultHandlerExceptionResolver - Resolved [org.springframework.http.converter.HttpMessageNotReadableException: JSON parse error: Cannot deserialize value of type `java.time.LocalDate` from String "value1": Failed to deserialize java.time.LocalDate: (java.time.format.DateTimeParseException) Text 'value1' could not be parsed at index 0; nested exception is com.fasterxml.jackson.databind.exc.InvalidFormatException: Cannot deserialize value of type `java.time.LocalDate` from String "value1": Failed to deserialize java.time.LocalDate: (java.time.format.DateTimeParseException) Text 'value1' could not be parsed at index 0
 at [Source: (PushbackInputStream); line: 1, column: 9] (through reference chain: com.weather.siquche.povo.vo.TimeVO["date"])]
16:18:50.675 WARN  org.springframework.web.servlet.mvc.support.DefaultHandlerExceptionResolver - Resolved [org.springframework.http.converter.HttpMessageNotReadableException: JSON parse error: Cannot deserialize value of type `java.time.LocalDate` from String "value1": Failed to deserialize java.time.LocalDate: (java.time.format.DateTimeParseException) Text 'value1' could not be parsed at index 0; nested exception is com.fasterxml.jackson.databind.exc.InvalidFormatException: Cannot deserialize value of type `java.time.LocalDate` from String "value1": Failed to deserialize java.time.LocalDate: (java.time.format.DateTimeParseException) Text 'value1' could not be parsed at index 0
 at [Source: (PushbackInputStream); line: 1, column: 9] (through reference chain: com.weather.siquche.povo.vo.TimeVO["date"])]
16:19:00.327 WARN  org.springframework.web.servlet.mvc.support.DefaultHandlerExceptionResolver - Resolved [org.springframework.http.converter.HttpMessageNotReadableException: JSON parse error: Cannot deserialize value of type `java.time.LocalDate` from String "value1": Failed to deserialize java.time.LocalDate: (java.time.format.DateTimeParseException) Text 'value1' could not be parsed at index 0; nested exception is com.fasterxml.jackson.databind.exc.InvalidFormatException: Cannot deserialize value of type `java.time.LocalDate` from String "value1": Failed to deserialize java.time.LocalDate: (java.time.format.DateTimeParseException) Text 'value1' could not be parsed at index 0
 at [Source: (PushbackInputStream); line: 1, column: 9] (through reference chain: com.weather.siquche.povo.vo.TimeVO["date"])]
16:19:14.326 WARN  org.springframework.web.servlet.mvc.support.DefaultHandlerExceptionResolver - Resolved [org.springframework.http.converter.HttpMessageNotReadableException: JSON parse error: Cannot deserialize value of type `java.time.LocalDate` from String "value1": Failed to deserialize java.time.LocalDate: (java.time.format.DateTimeParseException) Text 'value1' could not be parsed at index 0; nested exception is com.fasterxml.jackson.databind.exc.InvalidFormatException: Cannot deserialize value of type `java.time.LocalDate` from String "value1": Failed to deserialize java.time.LocalDate: (java.time.format.DateTimeParseException) Text 'value1' could not be parsed at index 0
 at [Source: (PushbackInputStream); line: 1, column: 9] (through reference chain: com.weather.siquche.povo.vo.TimeVO["date"])]
16:19:21.419 WARN  org.springframework.web.servlet.mvc.support.DefaultHandlerExceptionResolver - Resolved [org.springframework.http.converter.HttpMessageNotReadableException: JSON parse error: Cannot deserialize value of type `java.time.LocalDate` from String "value1": Failed to deserialize java.time.LocalDate: (java.time.format.DateTimeParseException) Text 'value1' could not be parsed at index 0; nested exception is com.fasterxml.jackson.databind.exc.InvalidFormatException: Cannot deserialize value of type `java.time.LocalDate` from String "value1": Failed to deserialize java.time.LocalDate: (java.time.format.DateTimeParseException) Text 'value1' could not be parsed at index 0
 at [Source: (PushbackInputStream); line: 1, column: 9] (through reference chain: com.weather.siquche.povo.vo.TimeVO["date"])]
