10:29:50.658 INFO  com.weather.siquche.SiqucheApplication - Starting SiqucheApplication on LAPTOP-KFU4VFES with PID 17424 (D:\JavaCode\siquche\target\classes started by 45863 in D:\JavaCode\siquche)
10:29:50.670 INFO  com.weather.siquche.SiqucheApplication - No active profile set, falling back to default profiles: default
10:29:50.811 INFO  org.springframework.boot.devtools.env.DevToolsPropertyDefaultsPostProcessor - Devtools property defaults active! Set 'spring.devtools.add-properties' to 'false' to disable
10:29:50.812 INFO  org.springframework.boot.devtools.env.DevToolsPropertyDefaultsPostProcessor - For additional web related logging consider setting the 'logging.level.web' property to 'DEBUG'
10:29:53.046 INFO  org.springframework.data.repository.config.RepositoryConfigurationDelegate - Multiple Spring Data modules found, entering strict repository configuration mode!
10:29:53.052 INFO  org.springframework.data.repository.config.RepositoryConfigurationDelegate - Bootstrapping Spring Data repositories in DEFAULT mode.
10:29:53.127 INFO  org.springframework.data.repository.config.RepositoryConfigurationDelegate - Finished Spring Data repository scanning in 27ms. Found 0 repository interfaces.
10:29:53.853 INFO  org.springframework.context.support.PostProcessorRegistrationDelegate$BeanPostProcessorChecker - Bean 'redisConfig' of type [com.weather.siquche.cofig.RedisConfig$$EnhancerBySpringCGLIB$$669f0823] is not eligible for getting processed by all BeanPostProcessors (for example: not eligible for auto-proxying)
10:29:53.905 INFO  org.springframework.context.support.PostProcessorRegistrationDelegate$BeanPostProcessorChecker - Bean 'org.springframework.transaction.annotation.ProxyTransactionManagementConfiguration' of type [org.springframework.transaction.annotation.ProxyTransactionManagementConfiguration] is not eligible for getting processed by all BeanPostProcessors (for example: not eligible for auto-proxying)
10:29:55.066 INFO  org.springframework.boot.web.embedded.tomcat.TomcatWebServer - Tomcat initialized with port(s): 8443 (http)
10:29:55.107 INFO  org.apache.coyote.http11.Http11NioProtocol - Initializing ProtocolHandler ["http-nio-8443"]
10:29:55.109 INFO  org.apache.catalina.core.StandardService - Starting service [Tomcat]
10:29:55.110 INFO  org.apache.catalina.core.StandardEngine - Starting Servlet engine: [Apache Tomcat/9.0.27]
10:29:55.556 INFO  org.apache.catalina.core.ContainerBase.[Tomcat].[localhost].[/] - Initializing Spring embedded WebApplicationContext
10:29:55.559 INFO  org.springframework.web.context.ContextLoader - Root WebApplicationContext: initialization completed in 4747 ms
10:29:57.573 INFO  com.alibaba.druid.pool.DruidDataSource - {dataSource-1} inited
10:29:59.102 INFO  springfox.documentation.spring.web.PropertySourcedRequestMappingHandlerMapping - Mapped URL path [/v2/api-docs] onto method [springfox.documentation.swagger2.web.Swagger2Controller#getDocumentation(String, HttpServletRequest)]
10:29:59.740 INFO  org.springframework.scheduling.concurrent.ThreadPoolTaskExecutor - Initializing ExecutorService 'applicationTaskExecutor'
10:29:59.815 INFO  org.springframework.boot.devtools.autoconfigure.OptionalLiveReloadServer - LiveReload server is running on port 35729
10:30:00.186 INFO  springfox.documentation.spring.web.plugins.DocumentationPluginsBootstrapper - Context refreshed
10:30:00.207 INFO  springfox.documentation.spring.web.plugins.DocumentationPluginsBootstrapper - Found 1 custom documentation plugin(s)
10:30:00.243 INFO  springfox.documentation.spring.web.scanners.ApiListingReferenceScanner - Scanning for api listing references
10:30:00.450 INFO  org.apache.coyote.http11.Http11NioProtocol - Starting ProtocolHandler ["http-nio-8443"]
10:30:00.906 INFO  org.springframework.boot.web.embedded.tomcat.TomcatWebServer - Tomcat started on port(s): 8443 (http) with context path ''
10:30:00.912 INFO  com.weather.siquche.SiqucheApplication - Started SiqucheApplication in 11.033 seconds (JVM running for 15.576)
10:35:59.464 INFO  org.apache.catalina.core.ContainerBase.[Tomcat].[localhost].[/] - Initializing Spring DispatcherServlet 'dispatcherServlet'
10:35:59.465 INFO  org.springframework.web.servlet.DispatcherServlet - Initializing Servlet 'dispatcherServlet'
10:35:59.481 INFO  org.springframework.web.servlet.DispatcherServlet - Completed initialization in 16 ms
14:39:42.073 INFO  org.springframework.boot.test.context.SpringBootTestContextBootstrapper - Neither @ContextConfiguration nor @ContextHierarchy found for test class [com.weather.siquche.SiqucheApplicationTests], using SpringBootContextLoader
14:39:42.093 INFO  org.springframework.test.context.support.AbstractContextLoader - Could not detect default resource locations for test class [com.weather.siquche.SiqucheApplicationTests]: no resource found for suffixes {-context.xml, Context.groovy}.
14:39:42.096 INFO  org.springframework.test.context.support.AnnotationConfigContextLoaderUtils - Could not detect default configuration classes for test class [com.weather.siquche.SiqucheApplicationTests]: SiqucheApplicationTests does not declare any static, non-private, non-final, nested classes annotated with @Configuration.
14:39:42.404 INFO  org.springframework.boot.test.context.SpringBootTestContextBootstrapper - Found @SpringBootConfiguration com.weather.siquche.SiqucheApplication for test class com.weather.siquche.SiqucheApplicationTests
14:39:42.625 INFO  org.springframework.boot.test.context.SpringBootTestContextBootstrapper - Loaded default TestExecutionListener class names from location [META-INF/spring.factories]: [org.springframework.boot.test.mock.mockito.MockitoTestExecutionListener, org.springframework.boot.test.mock.mockito.ResetMocksTestExecutionListener, org.springframework.boot.test.autoconfigure.restdocs.RestDocsTestExecutionListener, org.springframework.boot.test.autoconfigure.web.client.MockRestServiceServerResetTestExecutionListener, org.springframework.boot.test.autoconfigure.web.servlet.MockMvcPrintOnlyOnFailureTestExecutionListener, org.springframework.boot.test.autoconfigure.web.servlet.WebDriverTestExecutionListener, org.springframework.test.context.web.ServletTestExecutionListener, org.springframework.test.context.support.DirtiesContextBeforeModesTestExecutionListener, org.springframework.test.context.support.DependencyInjectionTestExecutionListener, org.springframework.test.context.support.DirtiesContextTestExecutionListener, org.springframework.test.context.transaction.TransactionalTestExecutionListener, org.springframework.test.context.jdbc.SqlScriptsTestExecutionListener, org.springframework.test.context.event.EventPublishingTestExecutionListener]
14:39:42.672 INFO  org.springframework.boot.test.context.SpringBootTestContextBootstrapper - Using TestExecutionListeners: [org.springframework.test.context.web.ServletTestExecutionListener@b1712f3, org.springframework.test.context.support.DirtiesContextBeforeModesTestExecutionListener@6986bbaf, org.springframework.boot.test.mock.mockito.MockitoTestExecutionListener@4879dfad, org.springframework.boot.test.autoconfigure.SpringBootDependencyInjectionTestExecutionListener@4758820d, org.springframework.test.context.support.DirtiesContextTestExecutionListener@74eb909f, org.springframework.test.context.transaction.TransactionalTestExecutionListener@28ec166e, org.springframework.test.context.jdbc.SqlScriptsTestExecutionListener@2eee3069, org.springframework.test.context.event.EventPublishingTestExecutionListener@2da59753, org.springframework.boot.test.mock.mockito.ResetMocksTestExecutionListener@5629510, org.springframework.boot.test.autoconfigure.restdocs.RestDocsTestExecutionListener@4df5bcb4, org.springframework.boot.test.autoconfigure.web.client.MockRestServiceServerResetTestExecutionListener@12c7a01b, org.springframework.boot.test.autoconfigure.web.servlet.MockMvcPrintOnlyOnFailureTestExecutionListener@13d9b21f, org.springframework.boot.test.autoconfigure.web.servlet.WebDriverTestExecutionListener@2826f61]
14:39:43.740 INFO  com.weather.siquche.SiqucheApplicationTests - Starting SiqucheApplicationTests on LAPTOP-KFU4VFES with PID 20952 (started by 45863 in D:\JavaCode\siquche)
14:39:43.744 INFO  com.weather.siquche.SiqucheApplicationTests - No active profile set, falling back to default profiles: default
14:39:46.338 INFO  org.springframework.data.repository.config.RepositoryConfigurationDelegate - Multiple Spring Data modules found, entering strict repository configuration mode!
14:39:46.344 INFO  org.springframework.data.repository.config.RepositoryConfigurationDelegate - Bootstrapping Spring Data repositories in DEFAULT mode.
14:39:46.408 INFO  org.springframework.data.repository.config.RepositoryConfigurationDelegate - Finished Spring Data repository scanning in 21ms. Found 0 repository interfaces.
14:39:47.294 INFO  org.springframework.context.support.PostProcessorRegistrationDelegate$BeanPostProcessorChecker - Bean 'redisConfig' of type [com.weather.siquche.cofig.RedisConfig$$EnhancerBySpringCGLIB$$2ad25f2] is not eligible for getting processed by all BeanPostProcessors (for example: not eligible for auto-proxying)
14:39:47.307 INFO  org.springframework.context.support.PostProcessorRegistrationDelegate$BeanPostProcessorChecker - Bean 'org.springframework.transaction.annotation.ProxyTransactionManagementConfiguration' of type [org.springframework.transaction.annotation.ProxyTransactionManagementConfiguration] is not eligible for getting processed by all BeanPostProcessors (for example: not eligible for auto-proxying)
14:39:50.452 INFO  com.alibaba.druid.pool.DruidDataSource - {dataSource-1} inited
14:39:52.873 INFO  springfox.documentation.spring.web.PropertySourcedRequestMappingHandlerMapping - Mapped URL path [/v2/api-docs] onto method [springfox.documentation.swagger2.web.Swagger2Controller#getDocumentation(String, HttpServletRequest)]
14:39:55.032 INFO  org.springframework.scheduling.concurrent.ThreadPoolTaskExecutor - Initializing ExecutorService 'applicationTaskExecutor'
14:39:56.473 INFO  springfox.documentation.spring.web.plugins.DocumentationPluginsBootstrapper - Context refreshed
14:39:56.575 INFO  springfox.documentation.spring.web.plugins.DocumentationPluginsBootstrapper - Found 1 custom documentation plugin(s)
14:39:56.677 INFO  springfox.documentation.spring.web.scanners.ApiListingReferenceScanner - Scanning for api listing references
14:39:57.148 INFO  com.weather.siquche.SiqucheApplicationTests - Started SiqucheApplicationTests in 14.373 seconds (JVM running for 17.672)
14:39:59.042 INFO  org.springframework.scheduling.concurrent.ThreadPoolTaskExecutor - Shutting down ExecutorService 'applicationTaskExecutor'
14:39:59.104 INFO  com.alibaba.druid.pool.DruidDataSource - {dataSource-1} closed
14:49:55.801 INFO  com.weather.siquche.SiqucheApplication - Starting SiqucheApplication on LAPTOP-KFU4VFES with PID 25016 (D:\JavaCode\siquche\target\classes started by 45863 in D:\JavaCode\siquche)
14:49:55.809 INFO  com.weather.siquche.SiqucheApplication - No active profile set, falling back to default profiles: default
14:49:55.926 INFO  org.springframework.boot.devtools.env.DevToolsPropertyDefaultsPostProcessor - Devtools property defaults active! Set 'spring.devtools.add-properties' to 'false' to disable
14:49:55.929 INFO  org.springframework.boot.devtools.env.DevToolsPropertyDefaultsPostProcessor - For additional web related logging consider setting the 'logging.level.web' property to 'DEBUG'
14:49:57.788 INFO  org.springframework.data.repository.config.RepositoryConfigurationDelegate - Multiple Spring Data modules found, entering strict repository configuration mode!
14:49:57.791 INFO  org.springframework.data.repository.config.RepositoryConfigurationDelegate - Bootstrapping Spring Data repositories in DEFAULT mode.
14:49:57.834 INFO  org.springframework.data.repository.config.RepositoryConfigurationDelegate - Finished Spring Data repository scanning in 15ms. Found 0 repository interfaces.
14:49:58.320 INFO  org.springframework.context.support.PostProcessorRegistrationDelegate$BeanPostProcessorChecker - Bean 'redisConfig' of type [com.weather.siquche.cofig.RedisConfig$$EnhancerBySpringCGLIB$$aceb50b8] is not eligible for getting processed by all BeanPostProcessors (for example: not eligible for auto-proxying)
14:49:58.329 INFO  org.springframework.context.support.PostProcessorRegistrationDelegate$BeanPostProcessorChecker - Bean 'org.springframework.transaction.annotation.ProxyTransactionManagementConfiguration' of type [org.springframework.transaction.annotation.ProxyTransactionManagementConfiguration] is not eligible for getting processed by all BeanPostProcessors (for example: not eligible for auto-proxying)
14:49:58.854 INFO  org.springframework.boot.web.embedded.tomcat.TomcatWebServer - Tomcat initialized with port(s): 8443 (http)
14:49:58.868 INFO  org.apache.coyote.http11.Http11NioProtocol - Initializing ProtocolHandler ["http-nio-8443"]
14:49:58.869 INFO  org.apache.catalina.core.StandardService - Starting service [Tomcat]
14:49:58.869 INFO  org.apache.catalina.core.StandardEngine - Starting Servlet engine: [Apache Tomcat/9.0.27]
14:49:59.023 INFO  org.apache.catalina.core.ContainerBase.[Tomcat].[localhost].[/] - Initializing Spring embedded WebApplicationContext
14:49:59.023 INFO  org.springframework.web.context.ContextLoader - Root WebApplicationContext: initialization completed in 3093 ms
14:50:00.099 INFO  com.alibaba.druid.pool.DruidDataSource - {dataSource-1} inited
14:50:01.062 INFO  springfox.documentation.spring.web.PropertySourcedRequestMappingHandlerMapping - Mapped URL path [/v2/api-docs] onto method [springfox.documentation.swagger2.web.Swagger2Controller#getDocumentation(String, HttpServletRequest)]
14:50:01.590 INFO  org.springframework.scheduling.concurrent.ThreadPoolTaskExecutor - Initializing ExecutorService 'applicationTaskExecutor'
14:50:01.673 INFO  org.springframework.boot.devtools.autoconfigure.OptionalLiveReloadServer - LiveReload server is running on port 35729
14:50:02.095 INFO  springfox.documentation.spring.web.plugins.DocumentationPluginsBootstrapper - Context refreshed
14:50:02.128 INFO  springfox.documentation.spring.web.plugins.DocumentationPluginsBootstrapper - Found 1 custom documentation plugin(s)
14:50:02.169 INFO  springfox.documentation.spring.web.scanners.ApiListingReferenceScanner - Scanning for api listing references
14:50:02.429 INFO  org.apache.coyote.http11.Http11NioProtocol - Starting ProtocolHandler ["http-nio-8443"]
14:50:02.920 INFO  org.springframework.boot.web.embedded.tomcat.TomcatWebServer - Tomcat started on port(s): 8443 (http) with context path ''
14:50:02.926 INFO  com.weather.siquche.SiqucheApplication - Started SiqucheApplication in 7.845 seconds (JVM running for 10.211)
14:52:47.742 INFO  org.apache.catalina.core.ContainerBase.[Tomcat].[localhost].[/] - Initializing Spring DispatcherServlet 'dispatcherServlet'
14:52:47.743 INFO  org.springframework.web.servlet.DispatcherServlet - Initializing Servlet 'dispatcherServlet'
14:52:47.758 INFO  org.springframework.web.servlet.DispatcherServlet - Completed initialization in 14 ms
16:13:56.825 INFO  org.springframework.scheduling.concurrent.ThreadPoolTaskExecutor - Shutting down ExecutorService 'applicationTaskExecutor'
16:13:56.877 INFO  com.alibaba.druid.pool.DruidDataSource - {dataSource-1} closed
16:13:57.617 INFO  com.weather.siquche.SiqucheApplication - Starting SiqucheApplication on LAPTOP-KFU4VFES with PID 25016 (D:\JavaCode\siquche\target\classes started by 45863 in D:\JavaCode\siquche)
16:13:57.618 INFO  com.weather.siquche.SiqucheApplication - No active profile set, falling back to default profiles: default
16:13:58.494 INFO  org.springframework.data.repository.config.RepositoryConfigurationDelegate - Multiple Spring Data modules found, entering strict repository configuration mode!
16:13:58.495 INFO  org.springframework.data.repository.config.RepositoryConfigurationDelegate - Bootstrapping Spring Data repositories in DEFAULT mode.
16:13:58.525 INFO  org.springframework.data.repository.config.RepositoryConfigurationDelegate - Finished Spring Data repository scanning in 28ms. Found 0 repository interfaces.
16:13:58.761 INFO  org.springframework.context.support.PostProcessorRegistrationDelegate$BeanPostProcessorChecker - Bean 'redisConfig' of type [com.weather.siquche.cofig.RedisConfig$$EnhancerBySpringCGLIB$$aceb50b8] is not eligible for getting processed by all BeanPostProcessors (for example: not eligible for auto-proxying)
16:13:58.767 INFO  org.springframework.context.support.PostProcessorRegistrationDelegate$BeanPostProcessorChecker - Bean 'org.springframework.transaction.annotation.ProxyTransactionManagementConfiguration' of type [org.springframework.transaction.annotation.ProxyTransactionManagementConfiguration] is not eligible for getting processed by all BeanPostProcessors (for example: not eligible for auto-proxying)
16:13:58.900 WARN  org.apache.tomcat.util.modeler.Registry - The MBean registry cannot be disabled because it has already been initialised
16:13:58.950 INFO  org.springframework.boot.web.embedded.tomcat.TomcatWebServer - Tomcat initialized with port(s): 8443 (http)
16:13:58.952 INFO  org.apache.coyote.http11.Http11NioProtocol - Initializing ProtocolHandler ["http-nio-8443"]
16:13:58.953 INFO  org.apache.catalina.core.StandardService - Starting service [Tomcat]
16:13:58.954 INFO  org.apache.catalina.core.StandardEngine - Starting Servlet engine: [Apache Tomcat/9.0.27]
16:13:59.042 INFO  org.apache.catalina.core.ContainerBase.[Tomcat].[localhost].[/] - Initializing Spring embedded WebApplicationContext
16:13:59.043 INFO  org.springframework.web.context.ContextLoader - Root WebApplicationContext: initialization completed in 1418 ms
16:13:59.413 INFO  com.alibaba.druid.pool.DruidDataSource - {dataSource-2} inited
16:13:59.815 INFO  springfox.documentation.spring.web.PropertySourcedRequestMappingHandlerMapping - Mapped URL path [/v2/api-docs] onto method [springfox.documentation.swagger2.web.Swagger2Controller#getDocumentation(String, HttpServletRequest)]
16:14:00.161 INFO  org.springframework.scheduling.concurrent.ThreadPoolTaskExecutor - Initializing ExecutorService 'applicationTaskExecutor'
16:14:00.202 INFO  org.springframework.boot.devtools.autoconfigure.OptionalLiveReloadServer - LiveReload server is running on port 35729
16:14:00.535 INFO  springfox.documentation.spring.web.plugins.DocumentationPluginsBootstrapper - Context refreshed
16:14:00.537 INFO  springfox.documentation.spring.web.plugins.DocumentationPluginsBootstrapper - Found 1 custom documentation plugin(s)
16:14:00.548 INFO  springfox.documentation.spring.web.scanners.ApiListingReferenceScanner - Scanning for api listing references
16:14:00.569 INFO  org.apache.coyote.http11.Http11NioProtocol - Starting ProtocolHandler ["http-nio-8443"]
16:14:00.578 INFO  org.springframework.boot.web.embedded.tomcat.TomcatWebServer - Tomcat started on port(s): 8443 (http) with context path ''
16:14:00.580 INFO  com.weather.siquche.SiqucheApplication - Started SiqucheApplication in 3.036 seconds (JVM running for 5047.864)
16:14:00.586 INFO  org.springframework.boot.devtools.autoconfigure.ConditionEvaluationDeltaLoggingListener - Condition evaluation unchanged
16:14:02.071 INFO  org.springframework.boot.test.context.SpringBootTestContextBootstrapper - Neither @ContextConfiguration nor @ContextHierarchy found for test class [com.weather.siquche.SiqucheApplicationTests], using SpringBootContextLoader
16:14:02.087 INFO  org.springframework.test.context.support.AbstractContextLoader - Could not detect default resource locations for test class [com.weather.siquche.SiqucheApplicationTests]: no resource found for suffixes {-context.xml, Context.groovy}.
16:14:02.090 INFO  org.springframework.test.context.support.AnnotationConfigContextLoaderUtils - Could not detect default configuration classes for test class [com.weather.siquche.SiqucheApplicationTests]: SiqucheApplicationTests does not declare any static, non-private, non-final, nested classes annotated with @Configuration.
16:14:02.383 INFO  org.springframework.boot.test.context.SpringBootTestContextBootstrapper - Found @SpringBootConfiguration com.weather.siquche.SiqucheApplication for test class com.weather.siquche.SiqucheApplicationTests
16:14:02.664 INFO  org.springframework.boot.test.context.SpringBootTestContextBootstrapper - Loaded default TestExecutionListener class names from location [META-INF/spring.factories]: [org.springframework.boot.test.mock.mockito.MockitoTestExecutionListener, org.springframework.boot.test.mock.mockito.ResetMocksTestExecutionListener, org.springframework.boot.test.autoconfigure.restdocs.RestDocsTestExecutionListener, org.springframework.boot.test.autoconfigure.web.client.MockRestServiceServerResetTestExecutionListener, org.springframework.boot.test.autoconfigure.web.servlet.MockMvcPrintOnlyOnFailureTestExecutionListener, org.springframework.boot.test.autoconfigure.web.servlet.WebDriverTestExecutionListener, org.springframework.test.context.web.ServletTestExecutionListener, org.springframework.test.context.support.DirtiesContextBeforeModesTestExecutionListener, org.springframework.test.context.support.DependencyInjectionTestExecutionListener, org.springframework.test.context.support.DirtiesContextTestExecutionListener, org.springframework.test.context.transaction.TransactionalTestExecutionListener, org.springframework.test.context.jdbc.SqlScriptsTestExecutionListener, org.springframework.test.context.event.EventPublishingTestExecutionListener]
16:14:02.706 INFO  org.springframework.boot.test.context.SpringBootTestContextBootstrapper - Using TestExecutionListeners: [org.springframework.test.context.web.ServletTestExecutionListener@b1712f3, org.springframework.test.context.support.DirtiesContextBeforeModesTestExecutionListener@6986bbaf, org.springframework.boot.test.mock.mockito.MockitoTestExecutionListener@4879dfad, org.springframework.boot.test.autoconfigure.SpringBootDependencyInjectionTestExecutionListener@4758820d, org.springframework.test.context.support.DirtiesContextTestExecutionListener@74eb909f, org.springframework.test.context.transaction.TransactionalTestExecutionListener@28ec166e, org.springframework.test.context.jdbc.SqlScriptsTestExecutionListener@2eee3069, org.springframework.test.context.event.EventPublishingTestExecutionListener@2da59753, org.springframework.boot.test.mock.mockito.ResetMocksTestExecutionListener@5629510, org.springframework.boot.test.autoconfigure.restdocs.RestDocsTestExecutionListener@4df5bcb4, org.springframework.boot.test.autoconfigure.web.client.MockRestServiceServerResetTestExecutionListener@12c7a01b, org.springframework.boot.test.autoconfigure.web.servlet.MockMvcPrintOnlyOnFailureTestExecutionListener@13d9b21f, org.springframework.boot.test.autoconfigure.web.servlet.WebDriverTestExecutionListener@2826f61]
16:14:03.808 INFO  com.weather.siquche.SiqucheApplicationTests - Starting SiqucheApplicationTests on LAPTOP-KFU4VFES with PID 11632 (started by 45863 in D:\JavaCode\siquche)
16:14:03.810 INFO  com.weather.siquche.SiqucheApplicationTests - No active profile set, falling back to default profiles: default
16:14:06.301 INFO  org.springframework.data.repository.config.RepositoryConfigurationDelegate - Multiple Spring Data modules found, entering strict repository configuration mode!
16:14:06.307 INFO  org.springframework.data.repository.config.RepositoryConfigurationDelegate - Bootstrapping Spring Data repositories in DEFAULT mode.
16:14:06.368 INFO  org.springframework.data.repository.config.RepositoryConfigurationDelegate - Finished Spring Data repository scanning in 17ms. Found 0 repository interfaces.
16:14:07.186 INFO  org.springframework.context.support.PostProcessorRegistrationDelegate$BeanPostProcessorChecker - Bean 'redisConfig' of type [com.weather.siquche.cofig.RedisConfig$$EnhancerBySpringCGLIB$$6a234789] is not eligible for getting processed by all BeanPostProcessors (for example: not eligible for auto-proxying)
16:14:07.198 INFO  org.springframework.context.support.PostProcessorRegistrationDelegate$BeanPostProcessorChecker - Bean 'org.springframework.transaction.annotation.ProxyTransactionManagementConfiguration' of type [org.springframework.transaction.annotation.ProxyTransactionManagementConfiguration] is not eligible for getting processed by all BeanPostProcessors (for example: not eligible for auto-proxying)
16:14:10.147 INFO  com.alibaba.druid.pool.DruidDataSource - {dataSource-1} inited
16:14:12.394 INFO  springfox.documentation.spring.web.PropertySourcedRequestMappingHandlerMapping - Mapped URL path [/v2/api-docs] onto method [springfox.documentation.swagger2.web.Swagger2Controller#getDocumentation(String, HttpServletRequest)]
16:14:14.249 INFO  org.springframework.scheduling.concurrent.ThreadPoolTaskExecutor - Initializing ExecutorService 'applicationTaskExecutor'
16:14:15.363 INFO  springfox.documentation.spring.web.plugins.DocumentationPluginsBootstrapper - Context refreshed
16:14:15.439 INFO  springfox.documentation.spring.web.plugins.DocumentationPluginsBootstrapper - Found 1 custom documentation plugin(s)
16:14:15.536 INFO  springfox.documentation.spring.web.scanners.ApiListingReferenceScanner - Scanning for api listing references
16:14:16.028 INFO  com.weather.siquche.SiqucheApplicationTests - Started SiqucheApplicationTests in 13.198 seconds (JVM running for 15.827)
16:14:17.731 INFO  org.springframework.scheduling.concurrent.ThreadPoolTaskExecutor - Shutting down ExecutorService 'applicationTaskExecutor'
16:14:17.778 INFO  com.alibaba.druid.pool.DruidDataSource - {dataSource-1} closed
16:16:11.058 INFO  com.weather.siquche.SiqucheApplication - Starting SiqucheApplication on LAPTOP-KFU4VFES with PID 29028 (D:\JavaCode\siquche\target\classes started by 45863 in D:\JavaCode\siquche)
16:16:11.067 INFO  com.weather.siquche.SiqucheApplication - No active profile set, falling back to default profiles: default
16:16:11.174 INFO  org.springframework.boot.devtools.env.DevToolsPropertyDefaultsPostProcessor - Devtools property defaults active! Set 'spring.devtools.add-properties' to 'false' to disable
16:16:11.175 INFO  org.springframework.boot.devtools.env.DevToolsPropertyDefaultsPostProcessor - For additional web related logging consider setting the 'logging.level.web' property to 'DEBUG'
16:16:12.759 INFO  org.springframework.data.repository.config.RepositoryConfigurationDelegate - Multiple Spring Data modules found, entering strict repository configuration mode!
16:16:12.768 INFO  org.springframework.data.repository.config.RepositoryConfigurationDelegate - Bootstrapping Spring Data repositories in DEFAULT mode.
16:16:12.806 INFO  org.springframework.data.repository.config.RepositoryConfigurationDelegate - Finished Spring Data repository scanning in 15ms. Found 0 repository interfaces.
16:16:13.252 INFO  org.springframework.context.support.PostProcessorRegistrationDelegate$BeanPostProcessorChecker - Bean 'redisConfig' of type [com.weather.siquche.cofig.RedisConfig$$EnhancerBySpringCGLIB$$3c63405b] is not eligible for getting processed by all BeanPostProcessors (for example: not eligible for auto-proxying)
16:16:13.260 INFO  org.springframework.context.support.PostProcessorRegistrationDelegate$BeanPostProcessorChecker - Bean 'org.springframework.transaction.annotation.ProxyTransactionManagementConfiguration' of type [org.springframework.transaction.annotation.ProxyTransactionManagementConfiguration] is not eligible for getting processed by all BeanPostProcessors (for example: not eligible for auto-proxying)
16:16:13.739 INFO  org.springframework.boot.web.embedded.tomcat.TomcatWebServer - Tomcat initialized with port(s): 8443 (http)
16:16:13.752 INFO  org.apache.coyote.http11.Http11NioProtocol - Initializing ProtocolHandler ["http-nio-8443"]
16:16:13.753 INFO  org.apache.catalina.core.StandardService - Starting service [Tomcat]
16:16:13.753 INFO  org.apache.catalina.core.StandardEngine - Starting Servlet engine: [Apache Tomcat/9.0.27]
16:16:13.901 INFO  org.apache.catalina.core.ContainerBase.[Tomcat].[localhost].[/] - Initializing Spring embedded WebApplicationContext
16:16:13.902 INFO  org.springframework.web.context.ContextLoader - Root WebApplicationContext: initialization completed in 2727 ms
16:16:14.942 INFO  com.alibaba.druid.pool.DruidDataSource - {dataSource-1} inited
16:16:15.885 INFO  springfox.documentation.spring.web.PropertySourcedRequestMappingHandlerMapping - Mapped URL path [/v2/api-docs] onto method [springfox.documentation.swagger2.web.Swagger2Controller#getDocumentation(String, HttpServletRequest)]
16:16:16.384 INFO  org.springframework.scheduling.concurrent.ThreadPoolTaskExecutor - Initializing ExecutorService 'applicationTaskExecutor'
16:16:16.450 INFO  org.springframework.boot.devtools.autoconfigure.OptionalLiveReloadServer - LiveReload server is running on port 35729
16:16:16.848 INFO  springfox.documentation.spring.web.plugins.DocumentationPluginsBootstrapper - Context refreshed
16:16:16.894 INFO  springfox.documentation.spring.web.plugins.DocumentationPluginsBootstrapper - Found 1 custom documentation plugin(s)
16:16:16.938 INFO  springfox.documentation.spring.web.scanners.ApiListingReferenceScanner - Scanning for api listing references
16:16:17.167 INFO  org.apache.coyote.http11.Http11NioProtocol - Starting ProtocolHandler ["http-nio-8443"]
16:16:17.626 INFO  org.springframework.boot.web.embedded.tomcat.TomcatWebServer - Tomcat started on port(s): 8443 (http) with context path ''
16:16:17.631 INFO  com.weather.siquche.SiqucheApplication - Started SiqucheApplication in 7.202 seconds (JVM running for 9.303)
16:17:58.454 INFO  org.apache.catalina.core.ContainerBase.[Tomcat].[localhost].[/] - Initializing Spring DispatcherServlet 'dispatcherServlet'
16:17:58.455 INFO  org.springframework.web.servlet.DispatcherServlet - Initializing Servlet 'dispatcherServlet'
16:17:58.468 INFO  org.springframework.web.servlet.DispatcherServlet - Completed initialization in 13 ms
16:53:06.655 INFO  com.weather.siquche.SiqucheApplication - Starting SiqucheApplication on LAPTOP-KFU4VFES with PID 16120 (D:\JavaCode\siquche\target\classes started by 45863 in D:\JavaCode\siquche)
16:53:06.659 INFO  com.weather.siquche.SiqucheApplication - No active profile set, falling back to default profiles: default
16:53:06.718 INFO  org.springframework.boot.devtools.env.DevToolsPropertyDefaultsPostProcessor - Devtools property defaults active! Set 'spring.devtools.add-properties' to 'false' to disable
16:53:06.718 INFO  org.springframework.boot.devtools.env.DevToolsPropertyDefaultsPostProcessor - For additional web related logging consider setting the 'logging.level.web' property to 'DEBUG'
16:53:07.870 INFO  org.springframework.data.repository.config.RepositoryConfigurationDelegate - Multiple Spring Data modules found, entering strict repository configuration mode!
16:53:07.872 INFO  org.springframework.data.repository.config.RepositoryConfigurationDelegate - Bootstrapping Spring Data repositories in DEFAULT mode.
16:53:07.893 INFO  org.springframework.data.repository.config.RepositoryConfigurationDelegate - Finished Spring Data repository scanning in 8ms. Found 0 repository interfaces.
16:53:08.164 INFO  org.springframework.context.support.PostProcessorRegistrationDelegate$BeanPostProcessorChecker - Bean 'redisConfig' of type [com.weather.siquche.cofig.RedisConfig$$EnhancerBySpringCGLIB$$6acf4968] is not eligible for getting processed by all BeanPostProcessors (for example: not eligible for auto-proxying)
16:53:08.170 INFO  org.springframework.context.support.PostProcessorRegistrationDelegate$BeanPostProcessorChecker - Bean 'org.springframework.transaction.annotation.ProxyTransactionManagementConfiguration' of type [org.springframework.transaction.annotation.ProxyTransactionManagementConfiguration] is not eligible for getting processed by all BeanPostProcessors (for example: not eligible for auto-proxying)
16:53:08.481 INFO  org.springframework.boot.web.embedded.tomcat.TomcatWebServer - Tomcat initialized with port(s): 8443 (http)
16:53:08.490 INFO  org.apache.coyote.http11.Http11NioProtocol - Initializing ProtocolHandler ["http-nio-8443"]
16:53:08.491 INFO  org.apache.catalina.core.StandardService - Starting service [Tomcat]
16:53:08.491 INFO  org.apache.catalina.core.StandardEngine - Starting Servlet engine: [Apache Tomcat/9.0.27]
16:53:08.584 INFO  org.apache.catalina.core.ContainerBase.[Tomcat].[localhost].[/] - Initializing Spring embedded WebApplicationContext
16:53:08.584 INFO  org.springframework.web.context.ContextLoader - Root WebApplicationContext: initialization completed in 1865 ms
16:53:09.235 INFO  com.alibaba.druid.pool.DruidDataSource - {dataSource-1} inited
16:53:09.778 INFO  springfox.documentation.spring.web.PropertySourcedRequestMappingHandlerMapping - Mapped URL path [/v2/api-docs] onto method [springfox.documentation.swagger2.web.Swagger2Controller#getDocumentation(String, HttpServletRequest)]
16:53:10.081 INFO  org.springframework.scheduling.concurrent.ThreadPoolTaskExecutor - Initializing ExecutorService 'applicationTaskExecutor'
16:53:10.117 INFO  org.springframework.boot.devtools.autoconfigure.OptionalLiveReloadServer - LiveReload server is running on port 35729
16:53:10.345 INFO  springfox.documentation.spring.web.plugins.DocumentationPluginsBootstrapper - Context refreshed
16:53:10.359 INFO  springfox.documentation.spring.web.plugins.DocumentationPluginsBootstrapper - Found 1 custom documentation plugin(s)
16:53:10.385 INFO  springfox.documentation.spring.web.scanners.ApiListingReferenceScanner - Scanning for api listing references
16:53:10.510 INFO  org.apache.coyote.http11.Http11NioProtocol - Starting ProtocolHandler ["http-nio-8443"]
16:53:10.777 INFO  org.springframework.boot.web.embedded.tomcat.TomcatWebServer - Tomcat started on port(s): 8443 (http) with context path ''
16:53:10.779 INFO  com.weather.siquche.SiqucheApplication - Started SiqucheApplication in 4.561 seconds (JVM running for 6.238)
16:53:23.718 INFO  org.apache.catalina.core.ContainerBase.[Tomcat].[localhost].[/] - Initializing Spring DispatcherServlet 'dispatcherServlet'
16:53:23.718 INFO  org.springframework.web.servlet.DispatcherServlet - Initializing Servlet 'dispatcherServlet'
16:53:23.729 INFO  org.springframework.web.servlet.DispatcherServlet - Completed initialization in 11 ms
